Using pre-set license
Built from '2020.3/staging' branch; Version is '2020.3.22f1 (e1a7f79fd887) revision 14788599'; Using compiler version '192528614'; Build Type 'Release'
OS: 'Windows 10 Home Single Language; OS build 19042.1348; Version 2009; 64bit' Language: 'en' Physical Memory: 3484 MB
BatchMode: 1, IsHumanControllingUs: 0, StartBugReporterOnCrash: 0, Is64bit: 1, IsPro: 0

COMMAND LINE ARGUMENTS:
C:\Program Files\Unity\Hub\Editor\2020.3.22f1\Editor\Unity.exe
-adb2
-batchMode
-noUpm
-name
AssetImportWorker0
-projectPath
D:/cs222/Lab1/Lab1_3D
-logFile
Logs/AssetImportWorker0.log
-srvPort
50624
Successfully changed project path to: D:/cs222/Lab1/Lab1_3D
D:/cs222/Lab1/Lab1_3D
Using Asset Import Pipeline V2.
Refreshing native plugins compatible for Editor in 220.83 ms, found 2 plugins.
Preloading 0 native plugins for Editor in 0.00 ms.
Initialize engine version: 2020.3.22f1 (e1a7f79fd887)
[Subsystems] Discovering subsystems at path C:/Program Files/Unity/Hub/Editor/2020.3.22f1/Editor/Data/Resources/UnitySubsystems
[Subsystems] Discovering subsystems at path D:/cs222/Lab1/Lab1_3D/Assets
GfxDevice: creating device client; threaded=0
Direct3D:
    Version:  Direct3D 11.0 [level 11.1]
    Renderer: AMD Radeon(TM) Vega 3 Graphics (ID=0x15dd)
    Vendor:   
    VRAM:     1742 MB
    Driver:   26.20.12036.1
Initialize mono
Mono path[0] = 'C:/Program Files/Unity/Hub/Editor/2020.3.22f1/Editor/Data/Managed'
Mono path[1] = 'C:/Program Files/Unity/Hub/Editor/2020.3.22f1/Editor/Data/MonoBleedingEdge/lib/mono/unityjit'
Mono config path = 'C:/Program Files/Unity/Hub/Editor/2020.3.22f1/Editor/Data/MonoBleedingEdge/etc'
Using monoOptions --debugger-agent=transport=dt_socket,embedding=1,server=y,suspend=n,address=127.0.0.1:56992
Begin MonoManager ReloadAssembly
Registering precompiled unity dll's ...
Register platform support module: C:/Program Files/Unity/Hub/Editor/2020.3.22f1/Editor/Data/PlaybackEngines/WebGLSupport/UnityEditor.WebGL.Extensions.dll
Register platform support module: C:/Program Files/Unity/Hub/Editor/2020.3.22f1/Editor/Data/PlaybackEngines/WindowsStandaloneSupport/UnityEditor.WindowsStandalone.Extensions.dll
Registered in 0.009496 seconds.
Native extension for WindowsStandalone target not found
Native extension for WebGL target not found
Refreshing native plugins compatible for Editor in 49.70 ms, found 2 plugins.
Preloading 0 native plugins for Editor in 0.00 ms.
Mono: successfully reloaded assembly
- Completed reload, in 13.430 seconds
Domain Reload Profiling:
	ReloadAssembly (13430ms)
		BeginReloadAssembly (118ms)
			ExecutionOrderSort (0ms)
			DisableScriptedObjects (0ms)
			BackupInstance (0ms)
			ReleaseScriptingObjects (0ms)
			CreateAndSetChildDomain (2ms)
		EndReloadAssembly (862ms)
			LoadAssemblies (113ms)
			RebuildTransferFunctionScriptingTraits (0ms)
			SetupTypeCache (316ms)
			ReleaseScriptCaches (0ms)
			RebuildScriptCaches (60ms)
			SetupLoadedEditorAssemblies (290ms)
				LogAssemblyErrors (0ms)
				InitializePlatformSupportModulesInManaged (8ms)
				SetLoadedEditorAssemblies (0ms)
				RefreshPlugins (50ms)
				BeforeProcessingInitializeOnLoad (16ms)
				ProcessInitializeOnLoadAttributes (140ms)
				ProcessInitializeOnLoadMethodAttributes (75ms)
				AfterProcessingInitializeOnLoad (0ms)
				EditorAssembliesLoaded (0ms)
			ExecutionOrderSort2 (0ms)
			AwakeInstancesAfterBackupRestoration (0ms)
Platform modules already initialized, skipping
Registering precompiled user dll's ...
Registered in 0.091432 seconds.
Begin MonoManager ReloadAssembly
Native extension for WindowsStandalone target not found
Native extension for WebGL target not found
Refreshing native plugins compatible for Editor in 0.54 ms, found 2 plugins.
Preloading 0 native plugins for Editor in 0.00 ms.
Mono: successfully reloaded assembly
- Completed reload, in  2.407 seconds
Domain Reload Profiling:
	ReloadAssembly (2408ms)
		BeginReloadAssembly (242ms)
			ExecutionOrderSort (0ms)
			DisableScriptedObjects (8ms)
			BackupInstance (0ms)
			ReleaseScriptingObjects (0ms)
			CreateAndSetChildDomain (29ms)
		EndReloadAssembly (2058ms)
			LoadAssemblies (708ms)
			RebuildTransferFunctionScriptingTraits (0ms)
			SetupTypeCache (482ms)
			ReleaseScriptCaches (1ms)
			RebuildScriptCaches (81ms)
			SetupLoadedEditorAssemblies (556ms)
				LogAssemblyErrors (0ms)
				InitializePlatformSupportModulesInManaged (13ms)
				SetLoadedEditorAssemblies (1ms)
				RefreshPlugins (1ms)
				BeforeProcessingInitializeOnLoad (96ms)
				ProcessInitializeOnLoadAttributes (413ms)
				ProcessInitializeOnLoadMethodAttributes (21ms)
				AfterProcessingInitializeOnLoad (12ms)
				EditorAssembliesLoaded (0ms)
			ExecutionOrderSort2 (0ms)
			AwakeInstancesAfterBackupRestoration (11ms)
Platform modules already initialized, skipping
========================================================================
Worker process is ready to serve import requests
Launched and connected shader compiler UnityShaderCompiler.exe after 0.37 seconds
Refreshing native plugins compatible for Editor in 0.54 ms, found 2 plugins.
Preloading 0 native plugins for Editor in 0.00 ms.
Unloading 1496 Unused Serialized files (Serialized files now loaded: 0)
System memory in use before: 67.3 MB.
System memory in use after: 67.3 MB.

Unloading 19 unused Assets to reduce memory usage. Loaded Objects now: 1928.
Total: 5.022900 ms (FindLiveObjects: 0.481900 ms CreateObjectMapping: 0.118600 ms MarkObjects: 4.305600 ms  DeleteObjects: 0.114300 ms)

AssetImportParameters requested are different than current active one (requested -> active):
  custom:framework-win-MediaFoundation: 216162199b28c13a410421893ffa2e32 -> 
  custom:video-decoder-ogg-theora: a1e56fd34408186e4bbccfd4996cb3dc -> 
  custom:container-muxer-webm: aa71ff27fc2769a1b78a27578f13a17b -> 
  custom:container-demuxer-webm: 4f35f7cbe854078d1ac9338744f61a02 -> 
  custom:container-demuxer-ogg: 62fdf1f143b41e24485cea50d1cbac27 -> 
  custom:video-encoder-webm-vp8: eb34c28f22e8b96e1ab97ce403110664 -> 
  custom:video-decoder-webm-vp8: 9c59270c3fd7afecdb556c50c9e8de78 -> 
  custom:audio-decoder-ogg-vorbis: bf7c407c2cedff20999df2af8eb42d56 -> 
  custom:audio-encoder-webm-vorbis: bf7c407c2cedff20999df2af8eb42d56 -> 
========================================================================
Received Import Request.
  path: Assets/Prefabs/Robot.prefab
  artifactKey: Guid(2928bcc1ecabce74fbaafdf6f3891bb7) Importer(815301076,1909f56bfc062723c751e8b465ee728b)
Start importing Assets/Prefabs/Robot.prefab using Guid(2928bcc1ecabce74fbaafdf6f3891bb7) Importer(815301076,1909f56bfc062723c751e8b465ee728b)  -> (artifact id: '9c18ad4f7c9e6bce18880d683b024d3a') in 0.892504 seconds 
  Import took 0.977508 seconds .

========================================================================
Received Import Request.
  Time since last request: 0.011053 seconds.
  path: Assets/Prefabs/Block.prefab
  artifactKey: Guid(14eab43a4dbcbac48b2aa122eca392aa) Importer(815301076,1909f56bfc062723c751e8b465ee728b)
Start importing Assets/Prefabs/Block.prefab using Guid(14eab43a4dbcbac48b2aa122eca392aa) Importer(815301076,1909f56bfc062723c751e8b465ee728b)  -> (artifact id: 'f9d9444b938bffa8265195050fb0f011') in 0.063486 seconds 
  Import took 0.118152 seconds .

========================================================================
Received Import Request.
  Time since last request: 0.000246 seconds.
  path: Assets/Prefabs/Robot Wrecked.prefab
  artifactKey: Guid(9c26a79b6cdbe634b937cdf99831244f) Importer(815301076,1909f56bfc062723c751e8b465ee728b)
Start importing Assets/Prefabs/Robot Wrecked.prefab using Guid(9c26a79b6cdbe634b937cdf99831244f) Importer(815301076,1909f56bfc062723c751e8b465ee728b)  -> (artifact id: 'b9499a28e6d394257ac5e08e2f1bacab') in 0.060768 seconds 
  Import took 0.098363 seconds .

========================================================================
Received Import Request.
  Time since last request: 0.000253 seconds.
  path: Assets/Textures/Checker.png
  artifactKey: Guid(8722a34905f488749bd277e9c485c895) Importer(815301076,1909f56bfc062723c751e8b465ee728b)
Start importing Assets/Textures/Checker.png using Guid(8722a34905f488749bd277e9c485c895) Importer(815301076,1909f56bfc062723c751e8b465ee728b)  -> (artifact id: '36c3646bfb3e2870a2ceb3a92e0a53d1') in 0.089771 seconds 
  Import took 0.125578 seconds .

========================================================================
Received Import Request.
  Time since last request: 0.000350 seconds.
  path: Assets/Prefabs/Explosion.prefab
  artifactKey: Guid(c0df82697f6c294458997cefcfd68250) Importer(815301076,1909f56bfc062723c751e8b465ee728b)
Start importing Assets/Prefabs/Explosion.prefab using Guid(c0df82697f6c294458997cefcfd68250) Importer(815301076,1909f56bfc062723c751e8b465ee728b)  -> (artifact id: 'ccf8d3febeb36e64527b0354063b94f9') in 0.175522 seconds 
  Import took 0.212234 seconds .

========================================================================
Received Import Request.
  Time since last request: 0.000386 seconds.
  path: Assets/Materials/Floor.mat
  artifactKey: Guid(d9c1b4c536ef29045ba107e48b1dc54e) Importer(815301076,1909f56bfc062723c751e8b465ee728b)
Start importing Assets/Materials/Floor.mat using Guid(d9c1b4c536ef29045ba107e48b1dc54e) Importer(815301076,1909f56bfc062723c751e8b465ee728b)  -> (artifact id: '6ea64cb6022657ea704d3c6cd88125e5') in 0.175449 seconds 
  Import took 0.206667 seconds .

========================================================================
Received Import Request.
  Time since last request: 0.000264 seconds.
  path: Assets/Prefabs/Projectile.prefab
  artifactKey: Guid(4fcad48aac3fb964795ed8b4d871e188) Importer(815301076,1909f56bfc062723c751e8b465ee728b)
Start importing Assets/Prefabs/Projectile.prefab using Guid(4fcad48aac3fb964795ed8b4d871e188) Importer(815301076,1909f56bfc062723c751e8b465ee728b)  -> (artifact id: '5ab7feb61415437b39029d04ef270b2c') in 0.597566 seconds 
  Import took 0.607824 seconds .

========================================================================
Received Import Request.
  Time since last request: 0.000743 seconds.
  path: Assets/Materials/Projectile.mat
  artifactKey: Guid(63fe948de733e7b499cdd58a7a0e17da) Importer(815301076,1909f56bfc062723c751e8b465ee728b)
Start importing Assets/Materials/Projectile.mat using Guid(63fe948de733e7b499cdd58a7a0e17da) Importer(815301076,1909f56bfc062723c751e8b465ee728b)  -> (artifact id: '2bd78b54c60aa2d078df9c33b3d275d5') in 0.058398 seconds 
  Import took 0.100420 seconds .

========================================================================
Received Import Request.
  Time since last request: 0.000412 seconds.
  path: Assets/Textures/White Square.png
  artifactKey: Guid(4ddeb52d7523a244f9d9b2d6b90fde5d) Importer(815301076,1909f56bfc062723c751e8b465ee728b)
Start importing Assets/Textures/White Square.png using Guid(4ddeb52d7523a244f9d9b2d6b90fde5d) Importer(815301076,1909f56bfc062723c751e8b465ee728b)  -> (artifact id: '88c1d643c83784673b2d1a9f7d01ab0b') in 0.055146 seconds 
  Import took 0.084037 seconds .

========================================================================
Received Import Request.
  Time since last request: 0.000259 seconds.
  path: Assets/Prefabs/Turret.prefab
  artifactKey: Guid(8e099f0dcf5affe468105faa2a26a668) Importer(815301076,1909f56bfc062723c751e8b465ee728b)
Start importing Assets/Prefabs/Turret.prefab using Guid(8e099f0dcf5affe468105faa2a26a668) Importer(815301076,1909f56bfc062723c751e8b465ee728b)  -> (artifact id: '42335c0e9725fab7afa0712f4c15bfcc') in 0.069461 seconds 
  Import took 0.117092 seconds .

========================================================================
Received Import Request.
  Time since last request: 0.000308 seconds.
  path: Assets/Materials/Robot.mat
  artifactKey: Guid(5b7808566d3acb5439832f58b7b9493e) Importer(815301076,1909f56bfc062723c751e8b465ee728b)
Start importing Assets/Materials/Robot.mat using Guid(5b7808566d3acb5439832f58b7b9493e) Importer(815301076,1909f56bfc062723c751e8b465ee728b)  -> (artifact id: '24ebc20e010ffb213cf9dc7aed2a41e9') in 0.051477 seconds 
  Import took 0.114640 seconds .

========================================================================
Received Import Request.
  Time since last request: 0.000290 seconds.
  path: Assets/Materials/Robot Wrecked.mat
  artifactKey: Guid(be4f483102018e94ea3eb65d6a564dbf) Importer(815301076,1909f56bfc062723c751e8b465ee728b)
Start importing Assets/Materials/Robot Wrecked.mat using Guid(be4f483102018e94ea3eb65d6a564dbf) Importer(815301076,1909f56bfc062723c751e8b465ee728b)  -> (artifact id: 'b1a8b5dc9f03686bbcd07292e27ff30a') in 0.039310 seconds 
  Import took 0.043439 seconds .

========================================================================
Received Import Request.
  Time since last request: 0.000258 seconds.
  path: Assets/Textures/Damaged Square.png
  artifactKey: Guid(7f3c85a8599f24541adcc3226576dbf1) Importer(815301076,1909f56bfc062723c751e8b465ee728b)
Start importing Assets/Textures/Damaged Square.png using Guid(7f3c85a8599f24541adcc3226576dbf1) Importer(815301076,1909f56bfc062723c751e8b465ee728b)  -> (artifact id: '76c8698fb73027776ecb1d2272db9eb9') in 0.039392 seconds 
  Import took 0.065567 seconds .

========================================================================
Received Import Request.
  Time since last request: 0.000237 seconds.
  path: Assets/Materials
  artifactKey: Guid(f9a970573ee07ce46bb2c87f29a37d1a) Importer(815301076,1909f56bfc062723c751e8b465ee728b)
Start importing Assets/Materials using Guid(f9a970573ee07ce46bb2c87f29a37d1a) Importer(815301076,1909f56bfc062723c751e8b465ee728b)  -> (artifact id: 'a603836bfd3d972f3cc8c9d696ba911e') in 0.047036 seconds 
  Import took 0.076882 seconds .

========================================================================
Received Import Request.
  Time since last request: 0.000313 seconds.
  path: Assets/Materials/Block.mat
  artifactKey: Guid(7fab5d6ef25ea5c4e8c7e7313567dc6a) Importer(815301076,1909f56bfc062723c751e8b465ee728b)
Start importing Assets/Materials/Block.mat using Guid(7fab5d6ef25ea5c4e8c7e7313567dc6a) Importer(815301076,1909f56bfc062723c751e8b465ee728b)  -> (artifact id: '9d2126eeede818e7371b8c358d04b5bf') in 0.050268 seconds 
  Import took 0.054168 seconds .

========================================================================
Received Import Request.
  Time since last request: 0.000249 seconds.
  path: Assets/Materials/Turret.mat
  artifactKey: Guid(298d449cee174d445a9a7a3e2cc41bfa) Importer(815301076,1909f56bfc062723c751e8b465ee728b)
Start importing Assets/Materials/Turret.mat using Guid(298d449cee174d445a9a7a3e2cc41bfa) Importer(815301076,1909f56bfc062723c751e8b465ee728b)  -> (artifact id: '1525bf5d349bde0d18c1d593b92a98fe') in 0.034892 seconds 
  Import took 0.053137 seconds .

========================================================================
Received Import Request.
  Time since last request: 68.875046 seconds.
  path: Assets/Textures
  artifactKey: Guid(25fc50ff2c2ba5745967f3ad3aa855df) Importer(815301076,1909f56bfc062723c751e8b465ee728b)
Start importing Assets/Textures using Guid(25fc50ff2c2ba5745967f3ad3aa855df) Importer(815301076,1909f56bfc062723c751e8b465ee728b)  -> (artifact id: 'b4d0ee8ad88644d8788ea6f82b800452') in 0.059151 seconds 
  Import took 0.121890 seconds .

========================================================================
Received Import Request.
  Time since last request: 825.540255 seconds.
  path: Assets/Scripts/Wall.cs
  artifactKey: Guid(9aa2d4d4ec5a04846a7e5da8b193bd37) Importer(815301076,1909f56bfc062723c751e8b465ee728b)
Start importing Assets/Scripts/Wall.cs using Guid(9aa2d4d4ec5a04846a7e5da8b193bd37) Importer(815301076,1909f56bfc062723c751e8b465ee728b)  -> (artifact id: 'd4371b5cf5715d36f5077511cda6cb5e') in 0.167512 seconds 
  Import took 0.172096 seconds .

========================================================================
Received Prepare
Registering precompiled user dll's ...
Registered in 0.043143 seconds.
Begin MonoManager ReloadAssembly
Native extension for WindowsStandalone target not found
Native extension for WebGL target not found
Refreshing native plugins compatible for Editor in 0.64 ms, found 2 plugins.
Preloading 0 native plugins for Editor in 0.00 ms.
Mono: successfully reloaded assembly
- Completed reload, in  1.765 seconds
Domain Reload Profiling:
	ReloadAssembly (1766ms)
		BeginReloadAssembly (218ms)
			ExecutionOrderSort (0ms)
			DisableScriptedObjects (7ms)
			BackupInstance (0ms)
			ReleaseScriptingObjects (0ms)
			CreateAndSetChildDomain (65ms)
		EndReloadAssembly (1395ms)
			LoadAssemblies (182ms)
			RebuildTransferFunctionScriptingTraits (0ms)
			SetupTypeCache (504ms)
			ReleaseScriptCaches (1ms)
			RebuildScriptCaches (83ms)
			SetupLoadedEditorAssemblies (453ms)
				LogAssemblyErrors (0ms)
				InitializePlatformSupportModulesInManaged (11ms)
				SetLoadedEditorAssemblies (1ms)
				RefreshPlugins (1ms)
				BeforeProcessingInitializeOnLoad (88ms)
				ProcessInitializeOnLoadAttributes (327ms)
				ProcessInitializeOnLoadMethodAttributes (14ms)
				AfterProcessingInitializeOnLoad (11ms)
				EditorAssembliesLoaded (0ms)
			ExecutionOrderSort2 (0ms)
			AwakeInstancesAfterBackupRestoration (13ms)
Platform modules already initialized, skipping
Refreshing native plugins compatible for Editor in 0.47 ms, found 2 plugins.
Preloading 0 native plugins for Editor in 0.00 ms.
Unloading 1490 Unused Serialized files (Serialized files now loaded: 0)
System memory in use before: 70.8 MB.
System memory in use after: 70.9 MB.

Unloading 16 unused Assets to reduce memory usage. Loaded Objects now: 1977.
Total: 21.325500 ms (FindLiveObjects: 1.437700 ms CreateObjectMapping: 0.081500 ms MarkObjects: 19.719500 ms  DeleteObjects: 0.083600 ms)

AssetImportParameters requested are different than current active one (requested -> active):
  custom:framework-win-MediaFoundation: 216162199b28c13a410421893ffa2e32 -> 
  custom:video-decoder-ogg-theora: a1e56fd34408186e4bbccfd4996cb3dc -> 
  custom:container-muxer-webm: aa71ff27fc2769a1b78a27578f13a17b -> 
  custom:container-demuxer-webm: 4f35f7cbe854078d1ac9338744f61a02 -> 
  custom:container-demuxer-ogg: 62fdf1f143b41e24485cea50d1cbac27 -> 
  custom:video-encoder-webm-vp8: eb34c28f22e8b96e1ab97ce403110664 -> 
  custom:video-decoder-webm-vp8: 9c59270c3fd7afecdb556c50c9e8de78 -> 
  custom:audio-decoder-ogg-vorbis: bf7c407c2cedff20999df2af8eb42d56 -> 
  custom:audio-encoder-webm-vorbis: bf7c407c2cedff20999df2af8eb42d56 -> 
========================================================================
Received Prepare
Registering precompiled user dll's ...
Registered in 0.176471 seconds.
Begin MonoManager ReloadAssembly
Native extension for WindowsStandalone target not found
Native extension for WebGL target not found
Refreshing native plugins compatible for Editor in 0.64 ms, found 2 plugins.
Preloading 0 native plugins for Editor in 0.00 ms.
Mono: successfully reloaded assembly
- Completed reload, in  1.718 seconds
Domain Reload Profiling:
	ReloadAssembly (1719ms)
		BeginReloadAssembly (194ms)
			ExecutionOrderSort (0ms)
			DisableScriptedObjects (10ms)
			BackupInstance (0ms)
			ReleaseScriptingObjects (0ms)
			CreateAndSetChildDomain (65ms)
		EndReloadAssembly (1414ms)
			LoadAssemblies (162ms)
			RebuildTransferFunctionScriptingTraits (0ms)
			SetupTypeCache (485ms)
			ReleaseScriptCaches (1ms)
			RebuildScriptCaches (89ms)
			SetupLoadedEditorAssemblies (498ms)
				LogAssemblyErrors (0ms)
				InitializePlatformSupportModulesInManaged (11ms)
				SetLoadedEditorAssemblies (1ms)
				RefreshPlugins (1ms)
				BeforeProcessingInitializeOnLoad (81ms)
				ProcessInitializeOnLoadAttributes (378ms)
				ProcessInitializeOnLoadMethodAttributes (14ms)
				AfterProcessingInitializeOnLoad (12ms)
				EditorAssembliesLoaded (0ms)
			ExecutionOrderSort2 (0ms)
			AwakeInstancesAfterBackupRestoration (11ms)
Platform modules already initialized, skipping
Refreshing native plugins compatible for Editor in 0.75 ms, found 2 plugins.
Preloading 0 native plugins for Editor in 0.00 ms.
Unloading 1490 Unused Serialized files (Serialized files now loaded: 0)
System memory in use before: 70.8 MB.
System memory in use after: 70.9 MB.

Unloading 14 unused Assets to reduce memory usage. Loaded Objects now: 1979.
Total: 7.535300 ms (FindLiveObjects: 0.242700 ms CreateObjectMapping: 0.050200 ms MarkObjects: 7.119700 ms  DeleteObjects: 0.120400 ms)

AssetImportParameters requested are different than current active one (requested -> active):
  custom:framework-win-MediaFoundation: 216162199b28c13a410421893ffa2e32 -> 
  custom:video-decoder-ogg-theora: a1e56fd34408186e4bbccfd4996cb3dc -> 
  custom:container-muxer-webm: aa71ff27fc2769a1b78a27578f13a17b -> 
  custom:container-demuxer-webm: 4f35f7cbe854078d1ac9338744f61a02 -> 
  custom:container-demuxer-ogg: 62fdf1f143b41e24485cea50d1cbac27 -> 
  custom:video-encoder-webm-vp8: eb34c28f22e8b96e1ab97ce403110664 -> 
  custom:video-decoder-webm-vp8: 9c59270c3fd7afecdb556c50c9e8de78 -> 
  custom:audio-decoder-ogg-vorbis: bf7c407c2cedff20999df2af8eb42d56 -> 
  custom:audio-encoder-webm-vorbis: bf7c407c2cedff20999df2af8eb42d56 -> 
========================================================================
Received Prepare
Registering precompiled user dll's ...
Registered in 0.006835 seconds.
Begin MonoManager ReloadAssembly
Native extension for WindowsStandalone target not found
Native extension for WebGL target not found
Refreshing native plugins compatible for Editor in 0.43 ms, found 2 plugins.
Preloading 0 native plugins for Editor in 0.00 ms.
Mono: successfully reloaded assembly
- Completed reload, in  1.821 seconds
Domain Reload Profiling:
	ReloadAssembly (1822ms)
		BeginReloadAssembly (257ms)
			ExecutionOrderSort (0ms)
			DisableScriptedObjects (10ms)
			BackupInstance (0ms)
			ReleaseScriptingObjects (0ms)
			CreateAndSetChildDomain (80ms)
		EndReloadAssembly (1425ms)
			LoadAssemblies (204ms)
			RebuildTransferFunctionScriptingTraits (0ms)
			SetupTypeCache (509ms)
			ReleaseScriptCaches (1ms)
			RebuildScriptCaches (114ms)
			SetupLoadedEditorAssemblies (453ms)
				LogAssemblyErrors (0ms)
				InitializePlatformSupportModulesInManaged (9ms)
				SetLoadedEditorAssemblies (1ms)
				RefreshPlugins (1ms)
				BeforeProcessingInitializeOnLoad (84ms)
				ProcessInitializeOnLoadAttributes (330ms)
				ProcessInitializeOnLoadMethodAttributes (15ms)
				AfterProcessingInitializeOnLoad (13ms)
				EditorAssembliesLoaded (1ms)
			ExecutionOrderSort2 (0ms)
			AwakeInstancesAfterBackupRestoration (15ms)
Platform modules already initialized, skipping
Refreshing native plugins compatible for Editor in 0.58 ms, found 2 plugins.
Preloading 0 native plugins for Editor in 0.00 ms.
Unloading 1490 Unused Serialized files (Serialized files now loaded: 0)
System memory in use before: 70.8 MB.
System memory in use after: 71.0 MB.

Unloading 14 unused Assets to reduce memory usage. Loaded Objects now: 1981.
Total: 5.388400 ms (FindLiveObjects: 0.380700 ms CreateObjectMapping: 0.063100 ms MarkObjects: 4.901300 ms  DeleteObjects: 0.040900 ms)

AssetImportParameters requested are different than current active one (requested -> active):
  custom:framework-win-MediaFoundation: 216162199b28c13a410421893ffa2e32 -> 
  custom:video-decoder-ogg-theora: a1e56fd34408186e4bbccfd4996cb3dc -> 
  custom:container-muxer-webm: aa71ff27fc2769a1b78a27578f13a17b -> 
  custom:container-demuxer-webm: 4f35f7cbe854078d1ac9338744f61a02 -> 
  custom:container-demuxer-ogg: 62fdf1f143b41e24485cea50d1cbac27 -> 
  custom:video-encoder-webm-vp8: eb34c28f22e8b96e1ab97ce403110664 -> 
  custom:video-decoder-webm-vp8: 9c59270c3fd7afecdb556c50c9e8de78 -> 
  custom:audio-decoder-ogg-vorbis: bf7c407c2cedff20999df2af8eb42d56 -> 
  custom:audio-encoder-webm-vorbis: bf7c407c2cedff20999df2af8eb42d56 -> 
========================================================================
Received Prepare
Registering precompiled user dll's ...
Registered in 0.047588 seconds.
Begin MonoManager ReloadAssembly
Native extension for WindowsStandalone target not found
Native extension for WebGL target not found
Refreshing native plugins compatible for Editor in 1.12 ms, found 2 plugins.
Preloading 0 native plugins for Editor in 0.00 ms.
Mono: successfully reloaded assembly
- Completed reload, in  3.462 seconds
Domain Reload Profiling:
	ReloadAssembly (3492ms)
		BeginReloadAssembly (727ms)
			ExecutionOrderSort (0ms)
			DisableScriptedObjects (71ms)
			BackupInstance (0ms)
			ReleaseScriptingObjects (4ms)
			CreateAndSetChildDomain (356ms)
		EndReloadAssembly (2438ms)
			LoadAssemblies (668ms)
			RebuildTransferFunctionScriptingTraits (0ms)
			SetupTypeCache (684ms)
			ReleaseScriptCaches (1ms)
			RebuildScriptCaches (67ms)
			SetupLoadedEditorAssemblies (814ms)
				LogAssemblyErrors (0ms)
				InitializePlatformSupportModulesInManaged (15ms)
				SetLoadedEditorAssemblies (2ms)
				RefreshPlugins (1ms)
				BeforeProcessingInitializeOnLoad (90ms)
				ProcessInitializeOnLoadAttributes (656ms)
				ProcessInitializeOnLoadMethodAttributes (30ms)
				AfterProcessingInitializeOnLoad (19ms)
				EditorAssembliesLoaded (1ms)
			ExecutionOrderSort2 (0ms)
			AwakeInstancesAfterBackupRestoration (16ms)
Platform modules already initialized, skipping
Refreshing native plugins compatible for Editor in 0.51 ms, found 2 plugins.
Preloading 0 native plugins for Editor in 0.00 ms.
Unloading 1490 Unused Serialized files (Serialized files now loaded: 0)
System memory in use before: 70.9 MB.
System memory in use after: 71.0 MB.

Unloading 14 unused Assets to reduce memory usage. Loaded Objects now: 1983.
Total: 6.563600 ms (FindLiveObjects: 0.285800 ms CreateObjectMapping: 0.073100 ms MarkObjects: 6.089400 ms  DeleteObjects: 0.112700 ms)

AssetImportParameters requested are different than current active one (requested -> active):
  custom:framework-win-MediaFoundation: 216162199b28c13a410421893ffa2e32 -> 
  custom:video-decoder-ogg-theora: a1e56fd34408186e4bbccfd4996cb3dc -> 
  custom:container-muxer-webm: aa71ff27fc2769a1b78a27578f13a17b -> 
  custom:container-demuxer-webm: 4f35f7cbe854078d1ac9338744f61a02 -> 
  custom:container-demuxer-ogg: 62fdf1f143b41e24485cea50d1cbac27 -> 
  custom:video-encoder-webm-vp8: eb34c28f22e8b96e1ab97ce403110664 -> 
  custom:video-decoder-webm-vp8: 9c59270c3fd7afecdb556c50c9e8de78 -> 
  custom:audio-decoder-ogg-vorbis: bf7c407c2cedff20999df2af8eb42d56 -> 
  custom:audio-encoder-webm-vorbis: bf7c407c2cedff20999df2af8eb42d56 -> 
========================================================================
Received Prepare
Registering precompiled user dll's ...
Registered in 0.018428 seconds.
Begin MonoManager ReloadAssembly
Native extension for WindowsStandalone target not found
Native extension for WebGL target not found
Refreshing native plugins compatible for Editor in 0.42 ms, found 2 plugins.
Preloading 0 native plugins for Editor in 0.00 ms.
Mono: successfully reloaded assembly
- Completed reload, in  1.593 seconds
Domain Reload Profiling:
	ReloadAssembly (1594ms)
		BeginReloadAssembly (192ms)
			ExecutionOrderSort (0ms)
			DisableScriptedObjects (15ms)
			BackupInstance (0ms)
			ReleaseScriptingObjects (0ms)
			CreateAndSetChildDomain (60ms)
		EndReloadAssembly (1269ms)
			LoadAssemblies (145ms)
			RebuildTransferFunctionScriptingTraits (0ms)
			SetupTypeCache (483ms)
			ReleaseScriptCaches (1ms)
			RebuildScriptCaches (58ms)
			SetupLoadedEditorAssemblies (430ms)
				LogAssemblyErrors (0ms)
				InitializePlatformSupportModulesInManaged (9ms)
				SetLoadedEditorAssemblies (1ms)
				RefreshPlugins (1ms)
				BeforeProcessingInitializeOnLoad (75ms)
				ProcessInitializeOnLoadAttributes (318ms)
				ProcessInitializeOnLoadMethodAttributes (14ms)
				AfterProcessingInitializeOnLoad (12ms)
				EditorAssembliesLoaded (0ms)
			ExecutionOrderSort2 (0ms)
			AwakeInstancesAfterBackupRestoration (13ms)
Platform modules already initialized, skipping
Refreshing native plugins compatible for Editor in 0.56 ms, found 2 plugins.
Preloading 0 native plugins for Editor in 0.00 ms.
Unloading 1490 Unused Serialized files (Serialized files now loaded: 0)
System memory in use before: 70.9 MB.
System memory in use after: 71.0 MB.

Unloading 14 unused Assets to reduce memory usage. Loaded Objects now: 1985.
Total: 5.500200 ms (FindLiveObjects: 0.237500 ms CreateObjectMapping: 0.057000 ms MarkObjects: 5.173300 ms  DeleteObjects: 0.030300 ms)

AssetImportParameters requested are different than current active one (requested -> active):
  custom:framework-win-MediaFoundation: 216162199b28c13a410421893ffa2e32 -> 
  custom:video-decoder-ogg-theora: a1e56fd34408186e4bbccfd4996cb3dc -> 
  custom:container-muxer-webm: aa71ff27fc2769a1b78a27578f13a17b -> 
  custom:container-demuxer-webm: 4f35f7cbe854078d1ac9338744f61a02 -> 
  custom:container-demuxer-ogg: 62fdf1f143b41e24485cea50d1cbac27 -> 
  custom:video-encoder-webm-vp8: eb34c28f22e8b96e1ab97ce403110664 -> 
  custom:video-decoder-webm-vp8: 9c59270c3fd7afecdb556c50c9e8de78 -> 
  custom:audio-decoder-ogg-vorbis: bf7c407c2cedff20999df2af8eb42d56 -> 
  custom:audio-encoder-webm-vorbis: bf7c407c2cedff20999df2af8eb42d56 -> 
========================================================================
Received Import Request.
  Time since last request: 1816.275935 seconds.
  path: Assets/Scripts/CircleFormation.cs
  artifactKey: Guid(63d17c358cb1fa747b17bdc94b423413) Importer(815301076,1909f56bfc062723c751e8b465ee728b)
Start importing Assets/Scripts/CircleFormation.cs using Guid(63d17c358cb1fa747b17bdc94b423413) Importer(815301076,1909f56bfc062723c751e8b465ee728b)  -> (artifact id: '9899d33cd245878f5050f80cf646e280') in 1.871282 seconds 
  Import took 1.943919 seconds .

========================================================================
Received Prepare
Registering precompiled user dll's ...
Registered in 0.182680 seconds.
Begin MonoManager ReloadAssembly
Native extension for WindowsStandalone target not found
Native extension for WebGL target not found
Refreshing native plugins compatible for Editor in 0.45 ms, found 2 plugins.
Preloading 0 native plugins for Editor in 0.00 ms.
Mono: successfully reloaded assembly
- Completed reload, in  2.347 seconds
Domain Reload Profiling:
	ReloadAssembly (2348ms)
		BeginReloadAssembly (264ms)
			ExecutionOrderSort (0ms)
			DisableScriptedObjects (8ms)
			BackupInstance (0ms)
			ReleaseScriptingObjects (0ms)
			CreateAndSetChildDomain (62ms)
		EndReloadAssembly (1933ms)
			LoadAssemblies (645ms)
			RebuildTransferFunctionScriptingTraits (0ms)
			SetupTypeCache (579ms)
			ReleaseScriptCaches (1ms)
			RebuildScriptCaches (62ms)
			SetupLoadedEditorAssemblies (533ms)
				LogAssemblyErrors (0ms)
				InitializePlatformSupportModulesInManaged (10ms)
				SetLoadedEditorAssemblies (1ms)
				RefreshPlugins (1ms)
				BeforeProcessingInitializeOnLoad (81ms)
				ProcessInitializeOnLoadAttributes (409ms)
				ProcessInitializeOnLoadMethodAttributes (19ms)
				AfterProcessingInitializeOnLoad (12ms)
				EditorAssembliesLoaded (0ms)
			ExecutionOrderSort2 (0ms)
			AwakeInstancesAfterBackupRestoration (14ms)
Platform modules already initialized, skipping
Refreshing native plugins compatible for Editor in 0.48 ms, found 2 plugins.
Preloading 0 native plugins for Editor in 0.00 ms.
Unloading 1490 Unused Serialized files (Serialized files now loaded: 0)
System memory in use before: 70.9 MB.
System memory in use after: 71.0 MB.

Unloading 14 unused Assets to reduce memory usage. Loaded Objects now: 1987.
Total: 6.301500 ms (FindLiveObjects: 0.420500 ms CreateObjectMapping: 0.076700 ms MarkObjects: 5.762900 ms  DeleteObjects: 0.037900 ms)

AssetImportParameters requested are different than current active one (requested -> active):
  custom:framework-win-MediaFoundation: 216162199b28c13a410421893ffa2e32 -> 
  custom:video-decoder-ogg-theora: a1e56fd34408186e4bbccfd4996cb3dc -> 
  custom:container-muxer-webm: aa71ff27fc2769a1b78a27578f13a17b -> 
  custom:container-demuxer-webm: 4f35f7cbe854078d1ac9338744f61a02 -> 
  custom:container-demuxer-ogg: 62fdf1f143b41e24485cea50d1cbac27 -> 
  custom:video-encoder-webm-vp8: eb34c28f22e8b96e1ab97ce403110664 -> 
  custom:video-decoder-webm-vp8: 9c59270c3fd7afecdb556c50c9e8de78 -> 
  custom:audio-decoder-ogg-vorbis: bf7c407c2cedff20999df2af8eb42d56 -> 
  custom:audio-encoder-webm-vorbis: bf7c407c2cedff20999df2af8eb42d56 -> 
========================================================================
Received Import Request.
  Time since last request: 194.538401 seconds.
  path: Assets/Materials/Robot.mat
  artifactKey: Guid(5b7808566d3acb5439832f58b7b9493e) Importer(815301076,1909f56bfc062723c751e8b465ee728b)
Start importing Assets/Materials/Robot.mat using Guid(5b7808566d3acb5439832f58b7b9493e) Importer(815301076,1909f56bfc062723c751e8b465ee728b)  -> (artifact id: '4a5905f8e2f57d8db9100b8f5b2bcc63') in 0.256447 seconds 
  Import took 0.289397 seconds .

========================================================================
Received Import Request.
  Time since last request: 0.000431 seconds.
  path: Assets/Materials/Robot Wrecked.mat
  artifactKey: Guid(be4f483102018e94ea3eb65d6a564dbf) Importer(815301076,1909f56bfc062723c751e8b465ee728b)
Start importing Assets/Materials/Robot Wrecked.mat using Guid(be4f483102018e94ea3eb65d6a564dbf) Importer(815301076,1909f56bfc062723c751e8b465ee728b)  -> (artifact id: '1ce52134ab4e3c8548a72bb84fc59d2f') in 0.053564 seconds 
  Import took 0.097361 seconds .

========================================================================
Received Prepare
Registering precompiled user dll's ...
Registered in 0.026752 seconds.
Begin MonoManager ReloadAssembly
Native extension for WindowsStandalone target not found
Native extension for WebGL target not found
Refreshing native plugins compatible for Editor in 0.78 ms, found 2 plugins.
Preloading 0 native plugins for Editor in 0.00 ms.
Mono: successfully reloaded assembly
- Completed reload, in  2.750 seconds
Domain Reload Profiling:
	ReloadAssembly (2751ms)
		BeginReloadAssembly (357ms)
			ExecutionOrderSort (0ms)
			DisableScriptedObjects (11ms)
			BackupInstance (0ms)
			ReleaseScriptingObjects (0ms)
			CreateAndSetChildDomain (84ms)
		EndReloadAssembly (2205ms)
			LoadAssemblies (295ms)
			RebuildTransferFunctionScriptingTraits (0ms)
			SetupTypeCache (933ms)
			ReleaseScriptCaches (1ms)
			RebuildScriptCaches (90ms)
			SetupLoadedEditorAssemblies (770ms)
				LogAssemblyErrors (0ms)
				InitializePlatformSupportModulesInManaged (16ms)
				SetLoadedEditorAssemblies (1ms)
				RefreshPlugins (1ms)
				BeforeProcessingInitializeOnLoad (112ms)
				ProcessInitializeOnLoadAttributes (602ms)
				ProcessInitializeOnLoadMethodAttributes (18ms)
				AfterProcessingInitializeOnLoad (19ms)
				EditorAssembliesLoaded (1ms)
			ExecutionOrderSort2 (0ms)
			AwakeInstancesAfterBackupRestoration (17ms)
Platform modules already initialized, skipping
Refreshing native plugins compatible for Editor in 0.93 ms, found 2 plugins.
Preloading 0 native plugins for Editor in 0.00 ms.
Unloading 1490 Unused Serialized files (Serialized files now loaded: 0)
System memory in use before: 70.9 MB.
System memory in use after: 71.0 MB.

Unloading 14 unused Assets to reduce memory usage. Loaded Objects now: 1990.
Total: 6.678100 ms (FindLiveObjects: 0.480900 ms CreateObjectMapping: 0.071200 ms MarkObjects: 6.080200 ms  DeleteObjects: 0.043900 ms)

AssetImportParameters requested are different than current active one (requested -> active):
  custom:framework-win-MediaFoundation: 216162199b28c13a410421893ffa2e32 -> 
  custom:video-decoder-ogg-theora: a1e56fd34408186e4bbccfd4996cb3dc -> 
  custom:container-muxer-webm: aa71ff27fc2769a1b78a27578f13a17b -> 
  custom:container-demuxer-webm: 4f35f7cbe854078d1ac9338744f61a02 -> 
  custom:container-demuxer-ogg: 62fdf1f143b41e24485cea50d1cbac27 -> 
  custom:video-encoder-webm-vp8: eb34c28f22e8b96e1ab97ce403110664 -> 
  custom:video-decoder-webm-vp8: 9c59270c3fd7afecdb556c50c9e8de78 -> 
  custom:audio-decoder-ogg-vorbis: bf7c407c2cedff20999df2af8eb42d56 -> 
  custom:audio-encoder-webm-vorbis: bf7c407c2cedff20999df2af8eb42d56 -> 
========================================================================
Received Prepare
Registering precompiled user dll's ...
Registered in 0.007079 seconds.
Begin MonoManager ReloadAssembly
Native extension for WindowsStandalone target not found
Native extension for WebGL target not found
Refreshing native plugins compatible for Editor in 2.00 ms, found 2 plugins.
Preloading 0 native plugins for Editor in 0.00 ms.
Mono: successfully reloaded assembly
- Completed reload, in  3.805 seconds
Domain Reload Profiling:
	ReloadAssembly (3806ms)
		BeginReloadAssembly (283ms)
			ExecutionOrderSort (0ms)
			DisableScriptedObjects (9ms)
			BackupInstance (0ms)
			ReleaseScriptingObjects (0ms)
			CreateAndSetChildDomain (95ms)
		EndReloadAssembly (3361ms)
			LoadAssemblies (1228ms)
			RebuildTransferFunctionScriptingTraits (0ms)
			SetupTypeCache (832ms)
			ReleaseScriptCaches (1ms)
			RebuildScriptCaches (100ms)
			SetupLoadedEditorAssemblies (870ms)
				LogAssemblyErrors (0ms)
				InitializePlatformSupportModulesInManaged (13ms)
				SetLoadedEditorAssemblies (1ms)
				RefreshPlugins (2ms)
				BeforeProcessingInitializeOnLoad (112ms)
				ProcessInitializeOnLoadAttributes (696ms)
				ProcessInitializeOnLoadMethodAttributes (19ms)
				AfterProcessingInitializeOnLoad (26ms)
				EditorAssembliesLoaded (1ms)
			ExecutionOrderSort2 (0ms)
			AwakeInstancesAfterBackupRestoration (16ms)
Platform modules already initialized, skipping
Refreshing native plugins compatible for Editor in 0.55 ms, found 2 plugins.
Preloading 0 native plugins for Editor in 0.00 ms.
Unloading 1490 Unused Serialized files (Serialized files now loaded: 0)
System memory in use before: 70.9 MB.
System memory in use after: 71.0 MB.

Unloading 14 unused Assets to reduce memory usage. Loaded Objects now: 1992.
Total: 25.959800 ms (FindLiveObjects: 0.323500 ms CreateObjectMapping: 0.085400 ms MarkObjects: 25.518200 ms  DeleteObjects: 0.031000 ms)

AssetImportParameters requested are different than current active one (requested -> active):
  custom:framework-win-MediaFoundation: 216162199b28c13a410421893ffa2e32 -> 
  custom:video-decoder-ogg-theora: a1e56fd34408186e4bbccfd4996cb3dc -> 
  custom:container-muxer-webm: aa71ff27fc2769a1b78a27578f13a17b -> 
  custom:container-demuxer-webm: 4f35f7cbe854078d1ac9338744f61a02 -> 
  custom:container-demuxer-ogg: 62fdf1f143b41e24485cea50d1cbac27 -> 
  custom:video-encoder-webm-vp8: eb34c28f22e8b96e1ab97ce403110664 -> 
  custom:video-decoder-webm-vp8: 9c59270c3fd7afecdb556c50c9e8de78 -> 
  custom:audio-decoder-ogg-vorbis: bf7c407c2cedff20999df2af8eb42d56 -> 
  custom:audio-encoder-webm-vorbis: bf7c407c2cedff20999df2af8eb42d56 -> 
========================================================================
Received Prepare
Registering precompiled user dll's ...
Registered in 0.042305 seconds.
Begin MonoManager ReloadAssembly
Native extension for WindowsStandalone target not found
Native extension for WebGL target not found
Refreshing native plugins compatible for Editor in 2.19 ms, found 2 plugins.
Preloading 0 native plugins for Editor in 0.00 ms.
Mono: successfully reloaded assembly
- Completed reload, in  3.211 seconds
Domain Reload Profiling:
	ReloadAssembly (3212ms)
		BeginReloadAssembly (250ms)
			ExecutionOrderSort (0ms)
			DisableScriptedObjects (12ms)
			BackupInstance (0ms)
			ReleaseScriptingObjects (0ms)
			CreateAndSetChildDomain (77ms)
		EndReloadAssembly (2507ms)
			LoadAssemblies (216ms)
			RebuildTransferFunctionScriptingTraits (0ms)
			SetupTypeCache (956ms)
			ReleaseScriptCaches (1ms)
			RebuildScriptCaches (101ms)
			SetupLoadedEditorAssemblies (748ms)
				LogAssemblyErrors (0ms)
				InitializePlatformSupportModulesInManaged (14ms)
				SetLoadedEditorAssemblies (1ms)
				RefreshPlugins (4ms)
				BeforeProcessingInitializeOnLoad (120ms)
				ProcessInitializeOnLoadAttributes (574ms)
				ProcessInitializeOnLoadMethodAttributes (19ms)
				AfterProcessingInitializeOnLoad (15ms)
				EditorAssembliesLoaded (1ms)
			ExecutionOrderSort2 (0ms)
			AwakeInstancesAfterBackupRestoration (17ms)
Platform modules already initialized, skipping
Refreshing native plugins compatible for Editor in 1.05 ms, found 2 plugins.
Preloading 0 native plugins for Editor in 0.00 ms.
Unloading 1490 Unused Serialized files (Serialized files now loaded: 0)
System memory in use before: 70.9 MB.
System memory in use after: 71.0 MB.

Unloading 14 unused Assets to reduce memory usage. Loaded Objects now: 1994.
Total: 6.059400 ms (FindLiveObjects: 0.284400 ms CreateObjectMapping: 0.060000 ms MarkObjects: 5.599100 ms  DeleteObjects: 0.113800 ms)

AssetImportParameters requested are different than current active one (requested -> active):
  custom:framework-win-MediaFoundation: 216162199b28c13a410421893ffa2e32 -> 
  custom:video-decoder-ogg-theora: a1e56fd34408186e4bbccfd4996cb3dc -> 
  custom:container-muxer-webm: aa71ff27fc2769a1b78a27578f13a17b -> 
  custom:container-demuxer-webm: 4f35f7cbe854078d1ac9338744f61a02 -> 
  custom:container-demuxer-ogg: 62fdf1f143b41e24485cea50d1cbac27 -> 
  custom:video-encoder-webm-vp8: eb34c28f22e8b96e1ab97ce403110664 -> 
  custom:video-decoder-webm-vp8: 9c59270c3fd7afecdb556c50c9e8de78 -> 
  custom:audio-decoder-ogg-vorbis: bf7c407c2cedff20999df2af8eb42d56 -> 
  custom:audio-encoder-webm-vorbis: bf7c407c2cedff20999df2af8eb42d56 -> 
========================================================================
Received Prepare
Registering precompiled user dll's ...
Registered in 0.062356 seconds.
Begin MonoManager ReloadAssembly
Native extension for WindowsStandalone target not found
Native extension for WebGL target not found
Refreshing native plugins compatible for Editor in 0.99 ms, found 2 plugins.
Preloading 0 native plugins for Editor in 0.00 ms.
Mono: successfully reloaded assembly
- Completed reload, in  3.573 seconds
Domain Reload Profiling:
	ReloadAssembly (3605ms)
		BeginReloadAssembly (778ms)
			ExecutionOrderSort (0ms)
			DisableScriptedObjects (112ms)
			BackupInstance (0ms)
			ReleaseScriptingObjects (3ms)
			CreateAndSetChildDomain (342ms)
		EndReloadAssembly (2568ms)
			LoadAssemblies (365ms)
			RebuildTransferFunctionScriptingTraits (0ms)
			SetupTypeCache (905ms)
			ReleaseScriptCaches (3ms)
			RebuildScriptCaches (174ms)
			SetupLoadedEditorAssemblies (807ms)
				LogAssemblyErrors (0ms)
				InitializePlatformSupportModulesInManaged (25ms)
				SetLoadedEditorAssemblies (5ms)
				RefreshPlugins (1ms)
				BeforeProcessingInitializeOnLoad (143ms)
				ProcessInitializeOnLoadAttributes (589ms)
				ProcessInitializeOnLoadMethodAttributes (24ms)
				AfterProcessingInitializeOnLoad (18ms)
				EditorAssembliesLoaded (1ms)
			ExecutionOrderSort2 (0ms)
			AwakeInstancesAfterBackupRestoration (22ms)
Platform modules already initialized, skipping
Refreshing native plugins compatible for Editor in 1.30 ms, found 2 plugins.
Preloading 0 native plugins for Editor in 0.00 ms.
Unloading 1490 Unused Serialized files (Serialized files now loaded: 0)
System memory in use before: 70.9 MB.
System memory in use after: 71.0 MB.

Unloading 14 unused Assets to reduce memory usage. Loaded Objects now: 1996.
Total: 11.625800 ms (FindLiveObjects: 0.392000 ms CreateObjectMapping: 0.056300 ms MarkObjects: 11.122000 ms  DeleteObjects: 0.052000 ms)

AssetImportParameters requested are different than current active one (requested -> active):
  custom:framework-win-MediaFoundation: 216162199b28c13a410421893ffa2e32 -> 
  custom:video-decoder-ogg-theora: a1e56fd34408186e4bbccfd4996cb3dc -> 
  custom:container-muxer-webm: aa71ff27fc2769a1b78a27578f13a17b -> 
  custom:container-demuxer-webm: 4f35f7cbe854078d1ac9338744f61a02 -> 
  custom:container-demuxer-ogg: 62fdf1f143b41e24485cea50d1cbac27 -> 
  custom:video-encoder-webm-vp8: eb34c28f22e8b96e1ab97ce403110664 -> 
  custom:video-decoder-webm-vp8: 9c59270c3fd7afecdb556c50c9e8de78 -> 
  custom:audio-decoder-ogg-vorbis: bf7c407c2cedff20999df2af8eb42d56 -> 
  custom:audio-encoder-webm-vorbis: bf7c407c2cedff20999df2af8eb42d56 -> 
========================================================================
Received Prepare
Registering precompiled user dll's ...
Registered in 0.115896 seconds.
Begin MonoManager ReloadAssembly
Native extension for WindowsStandalone target not found
Native extension for WebGL target not found
Refreshing native plugins compatible for Editor in 0.43 ms, found 2 plugins.
Preloading 0 native plugins for Editor in 0.00 ms.
Mono: successfully reloaded assembly
- Completed reload, in  2.519 seconds
Domain Reload Profiling:
	ReloadAssembly (2520ms)
		BeginReloadAssembly (282ms)
			ExecutionOrderSort (0ms)
			DisableScriptedObjects (13ms)
			BackupInstance (0ms)
			ReleaseScriptingObjects (0ms)
			CreateAndSetChildDomain (82ms)
		EndReloadAssembly (2052ms)
			LoadAssemblies (654ms)
			RebuildTransferFunctionScriptingTraits (0ms)
			SetupTypeCache (648ms)
			ReleaseScriptCaches (1ms)
			RebuildScriptCaches (72ms)
			SetupLoadedEditorAssemblies (534ms)
				LogAssemblyErrors (0ms)
				InitializePlatformSupportModulesInManaged (9ms)
				SetLoadedEditorAssemblies (1ms)
				RefreshPlugins (1ms)
				BeforeProcessingInitializeOnLoad (86ms)
				ProcessInitializeOnLoadAttributes (399ms)
				ProcessInitializeOnLoadMethodAttributes (22ms)
				AfterProcessingInitializeOnLoad (16ms)
				EditorAssembliesLoaded (0ms)
			ExecutionOrderSort2 (0ms)
			AwakeInstancesAfterBackupRestoration (17ms)
Platform modules already initialized, skipping
Refreshing native plugins compatible for Editor in 0.67 ms, found 2 plugins.
Preloading 0 native plugins for Editor in 0.00 ms.
Unloading 1490 Unused Serialized files (Serialized files now loaded: 0)
System memory in use before: 70.9 MB.
System memory in use after: 71.0 MB.

Unloading 14 unused Assets to reduce memory usage. Loaded Objects now: 1998.
Total: 7.479200 ms (FindLiveObjects: 0.374100 ms CreateObjectMapping: 0.083700 ms MarkObjects: 6.977100 ms  DeleteObjects: 0.041800 ms)

AssetImportParameters requested are different than current active one (requested -> active):
  custom:framework-win-MediaFoundation: 216162199b28c13a410421893ffa2e32 -> 
  custom:video-decoder-ogg-theora: a1e56fd34408186e4bbccfd4996cb3dc -> 
  custom:container-muxer-webm: aa71ff27fc2769a1b78a27578f13a17b -> 
  custom:container-demuxer-webm: 4f35f7cbe854078d1ac9338744f61a02 -> 
  custom:container-demuxer-ogg: 62fdf1f143b41e24485cea50d1cbac27 -> 
  custom:video-encoder-webm-vp8: eb34c28f22e8b96e1ab97ce403110664 -> 
  custom:video-decoder-webm-vp8: 9c59270c3fd7afecdb556c50c9e8de78 -> 
  custom:audio-decoder-ogg-vorbis: bf7c407c2cedff20999df2af8eb42d56 -> 
  custom:audio-encoder-webm-vorbis: bf7c407c2cedff20999df2af8eb42d56 -> 
========================================================================
Received Import Request.
  Time since last request: 2357.303581 seconds.
  path: Assets/myModel
  artifactKey: Guid(eb110c6a1b06c1a40b67f7efd9af9fe5) Importer(815301076,1909f56bfc062723c751e8b465ee728b)
Start importing Assets/myModel using Guid(eb110c6a1b06c1a40b67f7efd9af9fe5) Importer(815301076,1909f56bfc062723c751e8b465ee728b)  -> (artifact id: 'c1cc4a86f519b0eeedb2ae75e2e5ef68') in 0.082780 seconds 
  Import took 0.119232 seconds .

========================================================================
Received Import Request.
  Time since last request: 31.025558 seconds.
  path: Assets/myModel/xbot@Death From Front Headshot.fbx
  artifactKey: Guid(3f09c2625aa6fe14490c16d3deaf099c) Importer(815301076,1909f56bfc062723c751e8b465ee728b)
Start importing Assets/myModel/xbot@Death From Front Headshot.fbx using Guid(3f09c2625aa6fe14490c16d3deaf099c) Importer(815301076,1909f56bfc062723c751e8b465ee728b)  -> (artifact id: '79c8464d490644f441648c1cf5d99750') in 0.968482 seconds 
  Import took 1.024674 seconds .

========================================================================
Received Import Request.
  Time since last request: 0.000375 seconds.
  path: Assets/myModel/xbot@Defeated.fbx
  artifactKey: Guid(b8084b7b53ff55a479ec38ada3813791) Importer(815301076,1909f56bfc062723c751e8b465ee728b)
Start importing Assets/myModel/xbot@Defeated.fbx using Guid(b8084b7b53ff55a479ec38ada3813791) Importer(815301076,1909f56bfc062723c751e8b465ee728b)  -> (artifact id: 'c4159c1eac59ca86435148caeea00995') in 0.202091 seconds 
  Import took 0.243022 seconds .

========================================================================
Received Import Request.
  Time since last request: 67.269746 seconds.
  path: Assets/myModel/New Material.mat
  artifactKey: Guid(972caf7e22654124eb184f7afc35aae4) Importer(815301076,1909f56bfc062723c751e8b465ee728b)
Start importing Assets/myModel/New Material.mat using Guid(972caf7e22654124eb184f7afc35aae4) Importer(815301076,1909f56bfc062723c751e8b465ee728b)  -> (artifact id: 'fbb76c5f80b2d6d1bc7662bba4777d8c') in 0.129499 seconds 
  Import took 0.177796 seconds .

========================================================================
Received Import Request.
  Time since last request: 11.978034 seconds.
  path: Assets/myModel/material
  artifactKey: Guid(9df49d4d0ceb1dc4d87fd33179edec20) Importer(815301076,1909f56bfc062723c751e8b465ee728b)
Start importing Assets/myModel/material using Guid(9df49d4d0ceb1dc4d87fd33179edec20) Importer(815301076,1909f56bfc062723c751e8b465ee728b)  -> (artifact id: '26ef6778f0115bf0a43eb1ab1178f35e') in 0.020857 seconds 
  Import took 0.065008 seconds .

========================================================================
Received Import Request.
  Time since last request: 22.395470 seconds.
  path: Assets/myModel/texture
  artifactKey: Guid(df92f361eb998034097a21dc2f87b782) Importer(815301076,1909f56bfc062723c751e8b465ee728b)
Start importing Assets/myModel/texture using Guid(df92f361eb998034097a21dc2f87b782) Importer(815301076,1909f56bfc062723c751e8b465ee728b)  -> (artifact id: '7a07aae7350d6e47e0513bbe0132ae5e') in 0.084176 seconds 
  Import took 0.090690 seconds .

========================================================================
Received Import Request.
  Time since last request: 97.638532 seconds.
  path: Assets/myModel/xbot@Death From Front Headshot.fbx
  artifactKey: Guid(3f09c2625aa6fe14490c16d3deaf099c) Importer(815301076,1909f56bfc062723c751e8b465ee728b)
Start importing Assets/myModel/xbot@Death From Front Headshot.fbx using Guid(3f09c2625aa6fe14490c16d3deaf099c) Importer(815301076,1909f56bfc062723c751e8b465ee728b)  -> (artifact id: 'e8769c2bc1cbe1e9f828960f9da2ba5d') in 0.140563 seconds 
  Import took 0.175309 seconds .

========================================================================
Received Import Request.
  Time since last request: 13.654856 seconds.
  path: Assets/myModel/xbot@Defeated.fbx
  artifactKey: Guid(b8084b7b53ff55a479ec38ada3813791) Importer(815301076,1909f56bfc062723c751e8b465ee728b)
Start importing Assets/myModel/xbot@Defeated.fbx using Guid(b8084b7b53ff55a479ec38ada3813791) Importer(815301076,1909f56bfc062723c751e8b465ee728b)  -> (artifact id: 'b254d60a6c2dff7b9949b016debdedd7') in 0.123182 seconds 
  Import took 0.148271 seconds .

========================================================================
Received Import Request.
  Time since last request: 60.285490 seconds.
  path: Assets/myModel/xbot@Defeated.fbx
  artifactKey: Guid(b8084b7b53ff55a479ec38ada3813791) Importer(815301076,1909f56bfc062723c751e8b465ee728b)
Start importing Assets/myModel/xbot@Defeated.fbx using Guid(b8084b7b53ff55a479ec38ada3813791) Importer(815301076,1909f56bfc062723c751e8b465ee728b)  -> (artifact id: '8989c6f8cd1551ce0c5ebcfd8a29465d') in 0.138503 seconds 
  Import took 0.292581 seconds .

========================================================================
Received Import Request.
  Time since last request: 258.299918 seconds.
  path: Assets/myModel/xbot@Death From Front Headshot 1.fbx
  artifactKey: Guid(28b66a0c7e528b6408f6585c4eaf8516) Importer(815301076,1909f56bfc062723c751e8b465ee728b)
Start importing Assets/myModel/xbot@Death From Front Headshot 1.fbx using Guid(28b66a0c7e528b6408f6585c4eaf8516) Importer(815301076,1909f56bfc062723c751e8b465ee728b)  -> (artifact id: 'd67af6c4e7dc9b19fa9e0d31e79ffd25') in 0.203991 seconds 
  Import took 0.265677 seconds .

========================================================================
Received Import Request.
  Time since last request: 22.274441 seconds.
  path: Assets/myModel/xbot@Death From Front Headshot.fbx
  artifactKey: Guid(3f09c2625aa6fe14490c16d3deaf099c) Importer(815301076,1909f56bfc062723c751e8b465ee728b)
Start importing Assets/myModel/xbot@Death From Front Headshot.fbx using Guid(3f09c2625aa6fe14490c16d3deaf099c) Importer(815301076,1909f56bfc062723c751e8b465ee728b)  -> (artifact id: '51a776c89257453ec29b0b8eb861ad19') in 0.167995 seconds 
  Import took 0.297252 seconds .

========================================================================
Received Import Request.
  Time since last request: 25.383417 seconds.
  path: Assets/myModel/xbot@Death From Front Headshot 1.fbx
  artifactKey: Guid(28b66a0c7e528b6408f6585c4eaf8516) Importer(815301076,1909f56bfc062723c751e8b465ee728b)
Start importing Assets/myModel/xbot@Death From Front Headshot 1.fbx using Guid(28b66a0c7e528b6408f6585c4eaf8516) Importer(815301076,1909f56bfc062723c751e8b465ee728b)  -> (artifact id: '0d4884ced3e4ec256251d0331ac87743') in 0.147320 seconds 
  Import took 0.210361 seconds .

========================================================================
Received Import Request.
  Time since last request: 11.221120 seconds.
  path: Assets/myModel/xbot@Defeated.fbx
  artifactKey: Guid(b8084b7b53ff55a479ec38ada3813791) Importer(815301076,1909f56bfc062723c751e8b465ee728b)
Start importing Assets/myModel/xbot@Defeated.fbx using Guid(b8084b7b53ff55a479ec38ada3813791) Importer(815301076,1909f56bfc062723c751e8b465ee728b)  -> (artifact id: '84cacca0bfb9d7214552407345e6c9e7') in 0.194812 seconds 
  Import took 0.220916 seconds .

========================================================================
Received Import Request.
  Time since last request: 23.715584 seconds.
  path: Assets/myModel/Def.controller
  artifactKey: Guid(669787633e5445f48bf8309acaacdf65) Importer(815301076,1909f56bfc062723c751e8b465ee728b)
Start importing Assets/myModel/Def.controller using Guid(669787633e5445f48bf8309acaacdf65) Importer(815301076,1909f56bfc062723c751e8b465ee728b)  -> (artifact id: '9e9a76f18135310ad389ae02bb937991') in 0.159757 seconds 
  Import took 0.184730 seconds .

========================================================================
Received Import Request.
  Time since last request: 8.579191 seconds.
  path: Assets/myModel/dead.controller
  artifactKey: Guid(cdc8fcee476f0b640af215539d985cf3) Importer(815301076,1909f56bfc062723c751e8b465ee728b)
Start importing Assets/myModel/dead.controller using Guid(cdc8fcee476f0b640af215539d985cf3) Importer(815301076,1909f56bfc062723c751e8b465ee728b)  -> (artifact id: '81fc95372486111aa82db5769a983548') in 0.047425 seconds 
  Import took 0.074169 seconds .

========================================================================
Received Import Request.
  Time since last request: 46.260819 seconds.
  path: Assets/myModel/xbot@Defeat Idle.fbx
  artifactKey: Guid(f0f1c68739997944b9caaccf851a623b) Importer(815301076,1909f56bfc062723c751e8b465ee728b)
Start importing Assets/myModel/xbot@Defeat Idle.fbx using Guid(f0f1c68739997944b9caaccf851a623b) Importer(815301076,1909f56bfc062723c751e8b465ee728b)  -> (artifact id: 'bb2cf588c66a198df699a6e5de441bcf') in 0.158344 seconds 
  Import took 0.233283 seconds .

========================================================================
Received Import Request.
  Time since last request: 18.779478 seconds.
  path: Assets/myModel/xbot@Defeat Idle.fbx
  artifactKey: Guid(f0f1c68739997944b9caaccf851a623b) Importer(815301076,1909f56bfc062723c751e8b465ee728b)
Start importing Assets/myModel/xbot@Defeat Idle.fbx using Guid(f0f1c68739997944b9caaccf851a623b) Importer(815301076,1909f56bfc062723c751e8b465ee728b)  -> (artifact id: '091f3ab6025e8d3747d7a7f5c0a2c127') in 0.176341 seconds 
  Import took 0.276240 seconds .

========================================================================
Received Import Request.
  Time since last request: 10.136187 seconds.
  path: Assets/myModel/xbot@Defeat Idle.fbx
  artifactKey: Guid(f0f1c68739997944b9caaccf851a623b) Importer(815301076,1909f56bfc062723c751e8b465ee728b)
Start importing Assets/myModel/xbot@Defeat Idle.fbx using Guid(f0f1c68739997944b9caaccf851a623b) Importer(815301076,1909f56bfc062723c751e8b465ee728b)  -> (artifact id: '5ac245c0cce777626e0cd37fbfa2ebff') in 0.103989 seconds 
  Import took 0.152016 seconds .

========================================================================
Received Import Request.
  Time since last request: 23.044363 seconds.
  path: Assets/myModel/xbot@Defeat Idle.fbx
  artifactKey: Guid(f0f1c68739997944b9caaccf851a623b) Importer(815301076,1909f56bfc062723c751e8b465ee728b)
Start importing Assets/myModel/xbot@Defeat Idle.fbx using Guid(f0f1c68739997944b9caaccf851a623b) Importer(815301076,1909f56bfc062723c751e8b465ee728b)  -> (artifact id: 'd12cd6678386efeb1525321f7337d595') in 0.107577 seconds 
  Import took 0.227386 seconds .

========================================================================
Received Prepare
Registering precompiled user dll's ...
Registered in 0.069064 seconds.
Begin MonoManager ReloadAssembly
Native extension for WindowsStandalone target not found
Native extension for WebGL target not found
Refreshing native plugins compatible for Editor in 0.52 ms, found 2 plugins.
Preloading 0 native plugins for Editor in 0.00 ms.
Mono: successfully reloaded assembly
- Completed reload, in  2.929 seconds
Domain Reload Profiling:
	ReloadAssembly (2982ms)
		BeginReloadAssembly (928ms)
			ExecutionOrderSort (0ms)
			DisableScriptedObjects (118ms)
			BackupInstance (0ms)
			ReleaseScriptingObjects (1ms)
			CreateAndSetChildDomain (457ms)
		EndReloadAssembly (1809ms)
			LoadAssemblies (357ms)
			RebuildTransferFunctionScriptingTraits (0ms)
			SetupTypeCache (665ms)
			ReleaseScriptCaches (2ms)
			RebuildScriptCaches (94ms)
			SetupLoadedEditorAssemblies (533ms)
				LogAssemblyErrors (0ms)
				InitializePlatformSupportModulesInManaged (14ms)
				SetLoadedEditorAssemblies (2ms)
				RefreshPlugins (1ms)
				BeforeProcessingInitializeOnLoad (82ms)
				ProcessInitializeOnLoadAttributes (406ms)
				ProcessInitializeOnLoadMethodAttributes (17ms)
				AfterProcessingInitializeOnLoad (11ms)
				EditorAssembliesLoaded (1ms)
			ExecutionOrderSort2 (0ms)
			AwakeInstancesAfterBackupRestoration (11ms)
Platform modules already initialized, skipping
Refreshing native plugins compatible for Editor in 0.68 ms, found 2 plugins.
Preloading 0 native plugins for Editor in 0.00 ms.
Unloading 1490 Unused Serialized files (Serialized files now loaded: 0)
System memory in use before: 84.7 MB.
System memory in use after: 84.8 MB.

Unloading 14 unused Assets to reduce memory usage. Loaded Objects now: 2005.
Total: 11.029100 ms (FindLiveObjects: 0.394100 ms CreateObjectMapping: 0.102200 ms MarkObjects: 10.467900 ms  DeleteObjects: 0.061600 ms)

AssetImportParameters requested are different than current active one (requested -> active):
  custom:framework-win-MediaFoundation: 216162199b28c13a410421893ffa2e32 -> 
  custom:video-decoder-ogg-theora: a1e56fd34408186e4bbccfd4996cb3dc -> 
  custom:container-muxer-webm: aa71ff27fc2769a1b78a27578f13a17b -> 
  custom:container-demuxer-webm: 4f35f7cbe854078d1ac9338744f61a02 -> 
  custom:container-demuxer-ogg: 62fdf1f143b41e24485cea50d1cbac27 -> 
  custom:video-encoder-webm-vp8: eb34c28f22e8b96e1ab97ce403110664 -> 
  custom:video-decoder-webm-vp8: 9c59270c3fd7afecdb556c50c9e8de78 -> 
  custom:audio-decoder-ogg-vorbis: bf7c407c2cedff20999df2af8eb42d56 -> 
  custom:audio-encoder-webm-vorbis: bf7c407c2cedff20999df2af8eb42d56 -> 
========================================================================
Received Import Request.
  Time since last request: 881.069788 seconds.
  path: Assets/Scripts/WreckOnCollision.cs
  artifactKey: Guid(2cbcbe59a9bfbaf4b86c502fa6477b22) Importer(815301076,1909f56bfc062723c751e8b465ee728b)
Start importing Assets/Scripts/WreckOnCollision.cs using Guid(2cbcbe59a9bfbaf4b86c502fa6477b22) Importer(815301076,1909f56bfc062723c751e8b465ee728b)  -> (artifact id: 'a785f35dd1164d03df429e0e41884ffb') in 0.037760 seconds 
  Import took 0.078768 seconds .

========================================================================
Received Prepare
Registering precompiled user dll's ...
Registered in 0.048510 seconds.
Begin MonoManager ReloadAssembly
Native extension for WindowsStandalone target not found
Native extension for WebGL target not found
Refreshing native plugins compatible for Editor in 0.55 ms, found 2 plugins.
Preloading 0 native plugins for Editor in 0.00 ms.
Mono: successfully reloaded assembly
- Completed reload, in  1.965 seconds
Domain Reload Profiling:
	ReloadAssembly (1966ms)
		BeginReloadAssembly (274ms)
			ExecutionOrderSort (0ms)
			DisableScriptedObjects (15ms)
			BackupInstance (0ms)
			ReleaseScriptingObjects (0ms)
			CreateAndSetChildDomain (89ms)
		EndReloadAssembly (1529ms)
			LoadAssemblies (209ms)
			RebuildTransferFunctionScriptingTraits (0ms)
			SetupTypeCache (540ms)
			ReleaseScriptCaches (1ms)
			RebuildScriptCaches (68ms)
			SetupLoadedEditorAssemblies (542ms)
				LogAssemblyErrors (0ms)
				InitializePlatformSupportModulesInManaged (12ms)
				SetLoadedEditorAssemblies (1ms)
				RefreshPlugins (1ms)
				BeforeProcessingInitializeOnLoad (88ms)
				ProcessInitializeOnLoadAttributes (413ms)
				ProcessInitializeOnLoadMethodAttributes (13ms)
				AfterProcessingInitializeOnLoad (14ms)
				EditorAssembliesLoaded (0ms)
			ExecutionOrderSort2 (0ms)
			AwakeInstancesAfterBackupRestoration (11ms)
Platform modules already initialized, skipping
Refreshing native plugins compatible for Editor in 1.24 ms, found 2 plugins.
Preloading 0 native plugins for Editor in 0.00 ms.
Unloading 1490 Unused Serialized files (Serialized files now loaded: 0)
System memory in use before: 84.7 MB.
System memory in use after: 84.8 MB.

Unloading 14 unused Assets to reduce memory usage. Loaded Objects now: 2007.
Total: 7.401800 ms (FindLiveObjects: 0.495100 ms CreateObjectMapping: 0.101200 ms MarkObjects: 6.743900 ms  DeleteObjects: 0.058500 ms)

AssetImportParameters requested are different than current active one (requested -> active):
  custom:framework-win-MediaFoundation: 216162199b28c13a410421893ffa2e32 -> 
  custom:video-decoder-ogg-theora: a1e56fd34408186e4bbccfd4996cb3dc -> 
  custom:container-muxer-webm: aa71ff27fc2769a1b78a27578f13a17b -> 
  custom:container-demuxer-webm: 4f35f7cbe854078d1ac9338744f61a02 -> 
  custom:container-demuxer-ogg: 62fdf1f143b41e24485cea50d1cbac27 -> 
  custom:video-encoder-webm-vp8: eb34c28f22e8b96e1ab97ce403110664 -> 
  custom:video-decoder-webm-vp8: 9c59270c3fd7afecdb556c50c9e8de78 -> 
  custom:audio-decoder-ogg-vorbis: bf7c407c2cedff20999df2af8eb42d56 -> 
  custom:audio-encoder-webm-vorbis: bf7c407c2cedff20999df2af8eb42d56 -> 
========================================================================
Received Import Request.
  Time since last request: 173.675094 seconds.
  path: Assets/Scripts/WreckOnCollision.cs
  artifactKey: Guid(2cbcbe59a9bfbaf4b86c502fa6477b22) Importer(815301076,1909f56bfc062723c751e8b465ee728b)
Start importing Assets/Scripts/WreckOnCollision.cs using Guid(2cbcbe59a9bfbaf4b86c502fa6477b22) Importer(815301076,1909f56bfc062723c751e8b465ee728b)  -> (artifact id: 'a35166ac9ac8f37b94214e305f6b5a2e') in 0.011226 seconds 
  Import took 0.043641 seconds .

========================================================================
Received Import Request.
  Time since last request: 24.224195 seconds.
  path: Assets/Prefabs/xbot@Death From Front Headshot.prefab
  artifactKey: Guid(7642b090a438001438ce0676ed9b6a4a) Importer(815301076,1909f56bfc062723c751e8b465ee728b)
Start importing Assets/Prefabs/xbot@Death From Front Headshot.prefab using Guid(7642b090a438001438ce0676ed9b6a4a) Importer(815301076,1909f56bfc062723c751e8b465ee728b) The Animator Controller (dead) you have used is not valid. Animations will not play
UnityEngine.StackTraceUtility:ExtractStackTrace ()
UnityEditor.EditorUtility:Internal_InstantiateRemoveAllNonAnimationComponentsSingle (UnityEngine.Object,UnityEngine.Vector3,UnityEngine.Quaternion)
UnityEditor.EditorUtility:InstantiateRemoveAllNonAnimationComponents (UnityEngine.Object,UnityEngine.Vector3,UnityEngine.Quaternion)
UnityEditor.EditorUtility:InstantiateForAnimatorPreview (UnityEngine.Object)
UnityEditor.GameObjectInspector/PreviewData:UpdateGameObject (UnityEngine.Object)
UnityEditor.GameObjectInspector/PreviewData:.ctor (UnityEngine.Object)
UnityEditor.GameObjectInspector:GetPreviewData ()
UnityEditor.GameObjectInspector:RenderStaticPreview (string,UnityEngine.Object[],int,int)
UnityEditor.AssetPreviewUpdater:CreatePreviewForAsset (UnityEngine.Object,UnityEngine.Object[],string)

[C:\buildslave\unity\build\Modules/Animation/Director/AnimatorControllerPlayable.cpp line 333]

The Animator Controller (dead) you have used is not valid. Animations will not play
UnityEngine.StackTraceUtility:ExtractStackTrace ()
UnityEditor.EditorUtility:InitInstantiatedPreviewRecursive (UnityEngine.GameObject)
UnityEditor.EditorUtility:InstantiateForAnimatorPreview (UnityEngine.Object)
UnityEditor.GameObjectInspector/PreviewData:UpdateGameObject (UnityEngine.Object)
UnityEditor.GameObjectInspector/PreviewData:.ctor (UnityEngine.Object)
UnityEditor.GameObjectInspector:GetPreviewData ()
UnityEditor.GameObjectInspector:RenderStaticPreview (string,UnityEngine.Object[],int,int)
UnityEditor.AssetPreviewUpdater:CreatePreviewForAsset (UnityEngine.Object,UnityEngine.Object[],string)

[C:\buildslave\unity\build\Modules/Animation/Director/AnimatorControllerPlayable.cpp line 333]

 -> (artifact id: '06116362f1302db1fc32b381720aa750') in 0.532792 seconds 
  Import took 0.539882 seconds .

========================================================================
Received Import Request.
  Time since last request: 19.377470 seconds.
  path: Assets/Prefabs/Death .prefab
  artifactKey: Guid(7642b090a438001438ce0676ed9b6a4a) Importer(815301076,1909f56bfc062723c751e8b465ee728b)
Start importing Assets/Prefabs/Death .prefab using Guid(7642b090a438001438ce0676ed9b6a4a) Importer(815301076,1909f56bfc062723c751e8b465ee728b) The Animator Controller (dead) you have used is not valid. Animations will not play
UnityEngine.StackTraceUtility:ExtractStackTrace ()
UnityEditor.EditorUtility:Internal_InstantiateRemoveAllNonAnimationComponentsSingle (UnityEngine.Object,UnityEngine.Vector3,UnityEngine.Quaternion)
UnityEditor.EditorUtility:InstantiateRemoveAllNonAnimationComponents (UnityEngine.Object,UnityEngine.Vector3,UnityEngine.Quaternion)
UnityEditor.EditorUtility:InstantiateForAnimatorPreview (UnityEngine.Object)
UnityEditor.GameObjectInspector/PreviewData:UpdateGameObject (UnityEngine.Object)
UnityEditor.GameObjectInspector/PreviewData:.ctor (UnityEngine.Object)
UnityEditor.GameObjectInspector:GetPreviewData ()
UnityEditor.GameObjectInspector:RenderStaticPreview (string,UnityEngine.Object[],int,int)
UnityEditor.AssetPreviewUpdater:CreatePreviewForAsset (UnityEngine.Object,UnityEngine.Object[],string)

[C:\buildslave\unity\build\Modules/Animation/Director/AnimatorControllerPlayable.cpp line 333]

The Animator Controller (dead) you have used is not valid. Animations will not play
UnityEngine.StackTraceUtility:ExtractStackTrace ()
UnityEditor.EditorUtility:InitInstantiatedPreviewRecursive (UnityEngine.GameObject)
UnityEditor.EditorUtility:InstantiateForAnimatorPreview (UnityEngine.Object)
UnityEditor.GameObjectInspector/PreviewData:UpdateGameObject (UnityEngine.Object)
UnityEditor.GameObjectInspector/PreviewData:.ctor (UnityEngine.Object)
UnityEditor.GameObjectInspector:GetPreviewData ()
UnityEditor.GameObjectInspector:RenderStaticPreview (string,UnityEngine.Object[],int,int)
UnityEditor.AssetPreviewUpdater:CreatePreviewForAsset (UnityEngine.Object,UnityEngine.Object[],string)

[C:\buildslave\unity\build\Modules/Animation/Director/AnimatorControllerPlayable.cpp line 333]

 -> (artifact id: 'c3f886ada64692193ec38222427816cb') in 0.062199 seconds 
  Import took 0.114719 seconds .

========================================================================
Received Prepare
Registering precompiled user dll's ...
Registered in 0.170185 seconds.
Begin MonoManager ReloadAssembly
Native extension for WindowsStandalone target not found
Native extension for WebGL target not found
Refreshing native plugins compatible for Editor in 2.56 ms, found 2 plugins.
Preloading 0 native plugins for Editor in 0.00 ms.
Mono: successfully reloaded assembly
- Completed reload, in  4.723 seconds
Domain Reload Profiling:
	ReloadAssembly (4764ms)
		BeginReloadAssembly (1330ms)
			ExecutionOrderSort (1ms)
			DisableScriptedObjects (120ms)
			BackupInstance (0ms)
			ReleaseScriptingObjects (5ms)
			CreateAndSetChildDomain (539ms)
		EndReloadAssembly (3145ms)
			LoadAssemblies (1064ms)
			RebuildTransferFunctionScriptingTraits (1ms)
			SetupTypeCache (878ms)
			ReleaseScriptCaches (4ms)
			RebuildScriptCaches (112ms)
			SetupLoadedEditorAssemblies (952ms)
				LogAssemblyErrors (0ms)
				InitializePlatformSupportModulesInManaged (27ms)
				SetLoadedEditorAssemblies (4ms)
				RefreshPlugins (3ms)
				BeforeProcessingInitializeOnLoad (144ms)
				ProcessInitializeOnLoadAttributes (723ms)
				ProcessInitializeOnLoadMethodAttributes (29ms)
				AfterProcessingInitializeOnLoad (21ms)
				EditorAssembliesLoaded (0ms)
			ExecutionOrderSort2 (0ms)
			AwakeInstancesAfterBackupRestoration (22ms)
Platform modules already initialized, skipping
Refreshing native plugins compatible for Editor in 1.54 ms, found 2 plugins.
Preloading 0 native plugins for Editor in 0.00 ms.
Unloading 1490 Unused Serialized files (Serialized files now loaded: 0)
System memory in use before: 84.8 MB.
System memory in use after: 84.9 MB.

Unloading 14 unused Assets to reduce memory usage. Loaded Objects now: 2010.
Total: 25.672600 ms (FindLiveObjects: 2.932700 ms CreateObjectMapping: 0.419800 ms MarkObjects: 21.334000 ms  DeleteObjects: 0.981500 ms)

AssetImportParameters requested are different than current active one (requested -> active):
  custom:framework-win-MediaFoundation: 216162199b28c13a410421893ffa2e32 -> 
  custom:video-decoder-ogg-theora: a1e56fd34408186e4bbccfd4996cb3dc -> 
  custom:container-muxer-webm: aa71ff27fc2769a1b78a27578f13a17b -> 
  custom:container-demuxer-webm: 4f35f7cbe854078d1ac9338744f61a02 -> 
  custom:container-demuxer-ogg: 62fdf1f143b41e24485cea50d1cbac27 -> 
  custom:video-encoder-webm-vp8: eb34c28f22e8b96e1ab97ce403110664 -> 
  custom:video-decoder-webm-vp8: 9c59270c3fd7afecdb556c50c9e8de78 -> 
  custom:audio-decoder-ogg-vorbis: bf7c407c2cedff20999df2af8eb42d56 -> 
  custom:audio-encoder-webm-vorbis: bf7c407c2cedff20999df2af8eb42d56 -> 
========================================================================
Received Import Request.
  Time since last request: 5675.326360 seconds.
  path: Assets/myModel/sporty_granny@Breakdance Ready.fbx
  artifactKey: Guid(3dc4db8286171f4418f5bafbc2da6a26) Importer(815301076,1909f56bfc062723c751e8b465ee728b)
Start importing Assets/myModel/sporty_granny@Breakdance Ready.fbx using Guid(3dc4db8286171f4418f5bafbc2da6a26) Importer(815301076,1909f56bfc062723c751e8b465ee728b)  -> (artifact id: 'f1bba22acfb21c5110f16b742354a39d') in 4.508905 seconds 
  Import took 5.216703 seconds .

========================================================================
Received Import Request.
  Time since last request: 0.002216 seconds.
  path: Assets/myModel/sporty_granny@Flair.fbx
  artifactKey: Guid(aece320f6dfb3f84b9b26cafbd494d32) Importer(815301076,1909f56bfc062723c751e8b465ee728b)
Start importing Assets/myModel/sporty_granny@Flair.fbx using Guid(aece320f6dfb3f84b9b26cafbd494d32) Importer(815301076,1909f56bfc062723c751e8b465ee728b)  -> (artifact id: '69c98eafd01bdf909b1db400e293f6fb') in 0.301609 seconds 
  Import took 0.378057 seconds .

========================================================================
Received Import Request.
  Time since last request: 66.168335 seconds.
  path: Assets/myModel/material/asdf1_Beta_HighLimbsGeoSG2 1.mat
  artifactKey: Guid(a06d0b2be56ab654da8675f267ffe941) Importer(815301076,1909f56bfc062723c751e8b465ee728b)
Start importing Assets/myModel/material/asdf1_Beta_HighLimbsGeoSG2 1.mat using Guid(a06d0b2be56ab654da8675f267ffe941) Importer(815301076,1909f56bfc062723c751e8b465ee728b)  -> (artifact id: 'ca7e1440c3f45a0f0630a8188d053299') in 0.318614 seconds 
  Import took 0.376734 seconds .

========================================================================
Received Import Request.
  Time since last request: 0.000476 seconds.
  path: Assets/myModel/material/Beta_Joints_MAT 2.mat
  artifactKey: Guid(cc2fcd2fe6303ba4889fca1bdd928155) Importer(815301076,1909f56bfc062723c751e8b465ee728b)
Start importing Assets/myModel/material/Beta_Joints_MAT 2.mat using Guid(cc2fcd2fe6303ba4889fca1bdd928155) Importer(815301076,1909f56bfc062723c751e8b465ee728b)  -> (artifact id: 'dadf0970c6fd2c9149c0ed383b3aaef6') in 0.095103 seconds 
  Import took 0.155944 seconds .

========================================================================
Received Import Request.
  Time since last request: 0.000322 seconds.
  path: Assets/myModel/material/asdf1_Beta_HighLimbsGeoSG2 2.mat
  artifactKey: Guid(97bb693f98639fe439eb174a32bd548b) Importer(815301076,1909f56bfc062723c751e8b465ee728b)
Start importing Assets/myModel/material/asdf1_Beta_HighLimbsGeoSG2 2.mat using Guid(97bb693f98639fe439eb174a32bd548b) Importer(815301076,1909f56bfc062723c751e8b465ee728b)  -> (artifact id: '93e0d93b0b52870b9248611baa45ca0b') in 0.056568 seconds 
  Import took 0.150604 seconds .

========================================================================
Received Import Request.
  Time since last request: 0.000303 seconds.
  path: Assets/myModel/material/asdf1_Beta_HighLimbsGeoSG2.mat
  artifactKey: Guid(fa39e388ed8d85f4fa0d374b37c3a54f) Importer(815301076,1909f56bfc062723c751e8b465ee728b)
Start importing Assets/myModel/material/asdf1_Beta_HighLimbsGeoSG2.mat using Guid(fa39e388ed8d85f4fa0d374b37c3a54f) Importer(815301076,1909f56bfc062723c751e8b465ee728b)  -> (artifact id: '352e43b049ecfe2c6280cb09eb60e11f') in 0.085685 seconds 
  Import took 0.127329 seconds .

========================================================================
Received Import Request.
  Time since last request: 0.000429 seconds.
  path: Assets/myModel/material/Beta_Joints_MAT 1.mat
  artifactKey: Guid(59f31914c40e65744b535d231280e37b) Importer(815301076,1909f56bfc062723c751e8b465ee728b)
Start importing Assets/myModel/material/Beta_Joints_MAT 1.mat using Guid(59f31914c40e65744b535d231280e37b) Importer(815301076,1909f56bfc062723c751e8b465ee728b)  -> (artifact id: '366bca7b9b19418388e85099f1f93b35') in 0.057413 seconds 
  Import took 0.083189 seconds .

========================================================================
Received Import Request.
  Time since last request: 0.000329 seconds.
  path: Assets/myModel/material/Beta_Joints_MAT 3.mat
  artifactKey: Guid(4c68e01a22e9a354fa96226405e74dd9) Importer(815301076,1909f56bfc062723c751e8b465ee728b)
Start importing Assets/myModel/material/Beta_Joints_MAT 3.mat using Guid(4c68e01a22e9a354fa96226405e74dd9) Importer(815301076,1909f56bfc062723c751e8b465ee728b)  -> (artifact id: 'aacfe77a235662143159da31c0c78574') in 0.070669 seconds 
  Import took 0.115491 seconds .

========================================================================
Received Import Request.
  Time since last request: 0.000379 seconds.
  path: Assets/myModel/material/asdf1_Beta_HighLimbsGeoSG2 3.mat
  artifactKey: Guid(d705cd81165cbd34ab94509a63aec453) Importer(815301076,1909f56bfc062723c751e8b465ee728b)
Start importing Assets/myModel/material/asdf1_Beta_HighLimbsGeoSG2 3.mat using Guid(d705cd81165cbd34ab94509a63aec453) Importer(815301076,1909f56bfc062723c751e8b465ee728b)  -> (artifact id: '7643300e333a9e75fab16aef0b42da35') in 0.061929 seconds 
  Import took 0.175585 seconds .

========================================================================
Received Import Request.
  Time since last request: 0.000493 seconds.
  path: Assets/myModel/material/Beta_Joints_MAT.mat
  artifactKey: Guid(449f7fd67c3592b48a855fb78f86c290) Importer(815301076,1909f56bfc062723c751e8b465ee728b)
Start importing Assets/myModel/material/Beta_Joints_MAT.mat using Guid(449f7fd67c3592b48a855fb78f86c290) Importer(815301076,1909f56bfc062723c751e8b465ee728b)  -> (artifact id: '013857c5f83eadaac133d99b42ce1262') in 0.067520 seconds 
  Import took 0.099196 seconds .

========================================================================
Received Import Request.
  Time since last request: 94.350995 seconds.
  path: Assets/myModel/general.controller
  artifactKey: Guid(926294ece26fd30449a0729404d3830e) Importer(815301076,1909f56bfc062723c751e8b465ee728b)
Start importing Assets/myModel/general.controller using Guid(926294ece26fd30449a0729404d3830e) Importer(815301076,1909f56bfc062723c751e8b465ee728b)  -> (artifact id: 'f40d77997229b65e31bea7475012cd1a') in 0.057220 seconds 
  Import took 0.113957 seconds .

========================================================================
Received Import Request.
  Time since last request: 23.880467 seconds.
  path: Assets/myModel/breakdacne.controller
  artifactKey: Guid(5f01322a5fad6c942938c5f7821a8bf9) Importer(815301076,1909f56bfc062723c751e8b465ee728b)
Start importing Assets/myModel/breakdacne.controller using Guid(5f01322a5fad6c942938c5f7821a8bf9) Importer(815301076,1909f56bfc062723c751e8b465ee728b)  -> (artifact id: '47e84cdedd657ce9f084b04e6eb375da') in 0.167301 seconds 
  Import took 0.286285 seconds .

========================================================================
Received Import Request.
  Time since last request: 14.974580 seconds.
  path: Assets/myModel/breakdance.controller
  artifactKey: Guid(5f01322a5fad6c942938c5f7821a8bf9) Importer(815301076,1909f56bfc062723c751e8b465ee728b)
Start importing Assets/myModel/breakdance.controller using Guid(5f01322a5fad6c942938c5f7821a8bf9) Importer(815301076,1909f56bfc062723c751e8b465ee728b)  -> (artifact id: '20c91859f825f809916601d761ede818') in 0.024462 seconds 
  Import took 0.129254 seconds .

========================================================================
Received Import Request.
  Time since last request: 53.396045 seconds.
  path: Assets/myModel/dance.controller
  artifactKey: Guid(5f01322a5fad6c942938c5f7821a8bf9) Importer(815301076,1909f56bfc062723c751e8b465ee728b)
Start importing Assets/myModel/dance.controller using Guid(5f01322a5fad6c942938c5f7821a8bf9) Importer(815301076,1909f56bfc062723c751e8b465ee728b)  -> (artifact id: '6df264e5f6f6be8f6009128cad467ddf') in 0.028493 seconds 
  Import took 0.107296 seconds .

========================================================================
Received Import Request.
  Time since last request: 12.520926 seconds.
  path: Assets/myModel/breakdance.controller
  artifactKey: Guid(926294ece26fd30449a0729404d3830e) Importer(815301076,1909f56bfc062723c751e8b465ee728b)
Start importing Assets/myModel/breakdance.controller using Guid(926294ece26fd30449a0729404d3830e) Importer(815301076,1909f56bfc062723c751e8b465ee728b)  -> (artifact id: '432db1ddf484ae804b8e807757f417a9') in 0.006483 seconds 
  Import took 0.147864 seconds .

========================================================================
Received Import Request.
  Time since last request: 13.079372 seconds.
  path: Assets/myModel/sporty_granny@Breakdance Ready.fbx
  artifactKey: Guid(3dc4db8286171f4418f5bafbc2da6a26) Importer(815301076,1909f56bfc062723c751e8b465ee728b)
Start importing Assets/myModel/sporty_granny@Breakdance Ready.fbx using Guid(3dc4db8286171f4418f5bafbc2da6a26) Importer(815301076,1909f56bfc062723c751e8b465ee728b)  -> (artifact id: '48fbe40172c69bf864868f89146ba72b') in 0.139039 seconds 
  Import took 0.214226 seconds .

========================================================================
Received Import Request.
  Time since last request: 13.253274 seconds.
  path: Assets/myModel/sporty_granny@Breakdance Ready.fbx
  artifactKey: Guid(3dc4db8286171f4418f5bafbc2da6a26) Importer(815301076,1909f56bfc062723c751e8b465ee728b)
Start importing Assets/myModel/sporty_granny@Breakdance Ready.fbx using Guid(3dc4db8286171f4418f5bafbc2da6a26) Importer(815301076,1909f56bfc062723c751e8b465ee728b)  -> (artifact id: 'e83dd17de5552b828c7196befa1c5031') in 0.257588 seconds 
  Import took 0.349140 seconds .

========================================================================
Received Import Request.
  Time since last request: 11.534720 seconds.
  path: Assets/myModel/sporty_granny@Breakdance Ready.fbx
  artifactKey: Guid(3dc4db8286171f4418f5bafbc2da6a26) Importer(815301076,1909f56bfc062723c751e8b465ee728b)
Start importing Assets/myModel/sporty_granny@Breakdance Ready.fbx using Guid(3dc4db8286171f4418f5bafbc2da6a26) Importer(815301076,1909f56bfc062723c751e8b465ee728b)  -> (artifact id: '0b6c7e80a82e448302a5b9ebda24d255') in 0.154714 seconds 
  Import took 0.267924 seconds .

========================================================================
Received Import Request.
  Time since last request: 7.747308 seconds.
  path: Assets/myModel/sporty_granny@Flair.fbx
  artifactKey: Guid(aece320f6dfb3f84b9b26cafbd494d32) Importer(815301076,1909f56bfc062723c751e8b465ee728b)
Start importing Assets/myModel/sporty_granny@Flair.fbx using Guid(aece320f6dfb3f84b9b26cafbd494d32) Importer(815301076,1909f56bfc062723c751e8b465ee728b)  -> (artifact id: 'b038c64d787edc02d6f77e2559d451ea') in 0.146754 seconds 
  Import took 0.181820 seconds .

========================================================================
Received Import Request.
  Time since last request: 8.594142 seconds.
  path: Assets/myModel/sporty_granny@Flair.fbx
  artifactKey: Guid(aece320f6dfb3f84b9b26cafbd494d32) Importer(815301076,1909f56bfc062723c751e8b465ee728b)
Start importing Assets/myModel/sporty_granny@Flair.fbx using Guid(aece320f6dfb3f84b9b26cafbd494d32) Importer(815301076,1909f56bfc062723c751e8b465ee728b)  -> (artifact id: '13ad913f557b048634e1f0f293a2c627') in 0.096171 seconds 
  Import took 0.167163 seconds .

========================================================================
Received Import Request.
  Time since last request: 11.575572 seconds.
  path: Assets/myModel/sporty_granny@Flair.fbx
  artifactKey: Guid(aece320f6dfb3f84b9b26cafbd494d32) Importer(815301076,1909f56bfc062723c751e8b465ee728b)
Start importing Assets/myModel/sporty_granny@Flair.fbx using Guid(aece320f6dfb3f84b9b26cafbd494d32) Importer(815301076,1909f56bfc062723c751e8b465ee728b)  -> (artifact id: '6afbb8f8eac5b12a3c65ade0c0da4666') in 0.098997 seconds 
  Import took 0.209204 seconds .

========================================================================
Received Import Request.
  Time since last request: 111.619496 seconds.
  path: Assets/myModel/sporty_granny@Breakdance Ready.fbx
  artifactKey: Guid(3dc4db8286171f4418f5bafbc2da6a26) Importer(815301076,1909f56bfc062723c751e8b465ee728b)
Start importing Assets/myModel/sporty_granny@Breakdance Ready.fbx using Guid(3dc4db8286171f4418f5bafbc2da6a26) Importer(815301076,1909f56bfc062723c751e8b465ee728b)  -> (artifact id: 'd85cf72b013f6bc64efde2f145ad8585') in 0.119348 seconds 
  Import took 0.125277 seconds .

========================================================================
Received Import Request.
  Time since last request: 10.965646 seconds.
  path: Assets/myModel/sporty_granny@Flair.fbx
  artifactKey: Guid(aece320f6dfb3f84b9b26cafbd494d32) Importer(815301076,1909f56bfc062723c751e8b465ee728b)
Start importing Assets/myModel/sporty_granny@Flair.fbx using Guid(aece320f6dfb3f84b9b26cafbd494d32) Importer(815301076,1909f56bfc062723c751e8b465ee728b)  -> (artifact id: '1aa6e94255bdbd109347524c79c16aa8') in 0.093736 seconds 
  Import took 0.098398 seconds .

========================================================================
Received Import Request.
  Time since last request: 9.654849 seconds.
  path: Assets/myModel/sporty_granny@Flair.fbx
  artifactKey: Guid(aece320f6dfb3f84b9b26cafbd494d32) Importer(815301076,1909f56bfc062723c751e8b465ee728b)
Start importing Assets/myModel/sporty_granny@Flair.fbx using Guid(aece320f6dfb3f84b9b26cafbd494d32) Importer(815301076,1909f56bfc062723c751e8b465ee728b)  -> (artifact id: '33fcb23408815f4fdee4993d07e20929') in 0.095719 seconds 
  Import took 0.139345 seconds .

========================================================================
Received Import Request.
  Time since last request: 6201.168346 seconds.
  path: Assets/myModel/sporty_granny@Flair.fbx
  artifactKey: Guid(aece320f6dfb3f84b9b26cafbd494d32) Importer(815301076,1909f56bfc062723c751e8b465ee728b)
Start importing Assets/myModel/sporty_granny@Flair.fbx using Guid(aece320f6dfb3f84b9b26cafbd494d32) Importer(815301076,1909f56bfc062723c751e8b465ee728b)  -> (artifact id: '0133974970be22ee6bd81b63a506212c') in 0.690805 seconds 
  Import took 0.904210 seconds .

========================================================================
Received Import Request.
  Time since last request: 92.253983 seconds.
  path: Assets/myModel/sporty_granny@Breakdance Ready.fbx
  artifactKey: Guid(3dc4db8286171f4418f5bafbc2da6a26) Importer(815301076,1909f56bfc062723c751e8b465ee728b)
Start importing Assets/myModel/sporty_granny@Breakdance Ready.fbx using Guid(3dc4db8286171f4418f5bafbc2da6a26) Importer(815301076,1909f56bfc062723c751e8b465ee728b)  -> (artifact id: '996a6b3dab1e97c22aeece6caa4c08d9') in 0.416228 seconds 
  Import took 0.454140 seconds .

========================================================================
Received Import Request.
  Time since last request: 41.851932 seconds.
  path: Assets/myModel/sporty_granny@Breakdance Ready.fbm
  artifactKey: Guid(49804972cf6994d4e8baada29123c854) Importer(815301076,1909f56bfc062723c751e8b465ee728b)
Start importing Assets/myModel/sporty_granny@Breakdance Ready.fbm using Guid(49804972cf6994d4e8baada29123c854) Importer(815301076,1909f56bfc062723c751e8b465ee728b)  -> (artifact id: 'ce6c2494399267de38d17762df6e0227') in 0.042246 seconds 
  Import took 0.177725 seconds .

========================================================================
Received Import Request.
  Time since last request: 41.799707 seconds.
  path: Assets/myModel/sporty_granny@Flair.fbx
  artifactKey: Guid(aece320f6dfb3f84b9b26cafbd494d32) Importer(815301076,1909f56bfc062723c751e8b465ee728b)
Start importing Assets/myModel/sporty_granny@Flair.fbx using Guid(aece320f6dfb3f84b9b26cafbd494d32) Importer(815301076,1909f56bfc062723c751e8b465ee728b)  -> (artifact id: 'b27cb67b35a5e49254e881afee3e206a') in 0.110174 seconds 
  Import took 0.232816 seconds .

========================================================================
Received Prepare
Registering precompiled user dll's ...
Registered in 0.101692 seconds.
Begin MonoManager ReloadAssembly
Native extension for WindowsStandalone target not found
Native extension for WebGL target not found
Refreshing native plugins compatible for Editor in 0.46 ms, found 2 plugins.
Preloading 0 native plugins for Editor in 0.00 ms.
Mono: successfully reloaded assembly
- Completed reload, in  3.189 seconds
Domain Reload Profiling:
	ReloadAssembly (3249ms)
		BeginReloadAssembly (1462ms)
			ExecutionOrderSort (1ms)
			DisableScriptedObjects (166ms)
			BackupInstance (0ms)
			ReleaseScriptingObjects (1ms)
			CreateAndSetChildDomain (897ms)
		EndReloadAssembly (1574ms)
			LoadAssemblies (248ms)
			RebuildTransferFunctionScriptingTraits (0ms)
			SetupTypeCache (507ms)
			ReleaseScriptCaches (3ms)
			RebuildScriptCaches (105ms)
			SetupLoadedEditorAssemblies (568ms)
				LogAssemblyErrors (0ms)
				InitializePlatformSupportModulesInManaged (15ms)
				SetLoadedEditorAssemblies (2ms)
				RefreshPlugins (1ms)
				BeforeProcessingInitializeOnLoad (86ms)
				ProcessInitializeOnLoadAttributes (434ms)
				ProcessInitializeOnLoadMethodAttributes (17ms)
				AfterProcessingInitializeOnLoad (13ms)
				EditorAssembliesLoaded (0ms)
			ExecutionOrderSort2 (0ms)
			AwakeInstancesAfterBackupRestoration (13ms)
Platform modules already initialized, skipping
Refreshing native plugins compatible for Editor in 0.51 ms, found 2 plugins.
Preloading 0 native plugins for Editor in 0.00 ms.
Unloading 1490 Unused Serialized files (Serialized files now loaded: 0)
System memory in use before: 85.0 MB.
System memory in use after: 85.2 MB.

Unloading 14 unused Assets to reduce memory usage. Loaded Objects now: 2013.
Total: 6.808500 ms (FindLiveObjects: 0.236900 ms CreateObjectMapping: 0.051300 ms MarkObjects: 6.383800 ms  DeleteObjects: 0.134500 ms)

AssetImportParameters requested are different than current active one (requested -> active):
  custom:framework-win-MediaFoundation: 216162199b28c13a410421893ffa2e32 -> 
  custom:video-decoder-ogg-theora: a1e56fd34408186e4bbccfd4996cb3dc -> 
  custom:container-muxer-webm: aa71ff27fc2769a1b78a27578f13a17b -> 
  custom:container-demuxer-webm: 4f35f7cbe854078d1ac9338744f61a02 -> 
  custom:container-demuxer-ogg: 62fdf1f143b41e24485cea50d1cbac27 -> 
  custom:video-encoder-webm-vp8: eb34c28f22e8b96e1ab97ce403110664 -> 
  custom:video-decoder-webm-vp8: 9c59270c3fd7afecdb556c50c9e8de78 -> 
  custom:audio-decoder-ogg-vorbis: bf7c407c2cedff20999df2af8eb42d56 -> 
  custom:audio-encoder-webm-vorbis: bf7c407c2cedff20999df2af8eb42d56 -> 
========================================================================
Received Import Request.
  Time since last request: 631.742317 seconds.
  path: Assets/Prefabs/sporty_granny@Flair.prefab
  artifactKey: Guid(4cb5187330385ef4cb77e5dfd11fca3d) Importer(815301076,1909f56bfc062723c751e8b465ee728b)
Start importing Assets/Prefabs/sporty_granny@Flair.prefab using Guid(4cb5187330385ef4cb77e5dfd11fca3d) Importer(815301076,1909f56bfc062723c751e8b465ee728b)  -> (artifact id: '91505646d159b71ce5e2e3fda025ec45') in 0.271566 seconds 
  Import took 0.360398 seconds .

========================================================================
Received Prepare
Registering precompiled user dll's ...
Registered in 0.023207 seconds.
Begin MonoManager ReloadAssembly
Native extension for WindowsStandalone target not found
Native extension for WebGL target not found
Refreshing native plugins compatible for Editor in 0.74 ms, found 2 plugins.
Preloading 0 native plugins for Editor in 0.00 ms.
Mono: successfully reloaded assembly
- Completed reload, in  1.942 seconds
Domain Reload Profiling:
	ReloadAssembly (1943ms)
		BeginReloadAssembly (230ms)
			ExecutionOrderSort (0ms)
			DisableScriptedObjects (8ms)
			BackupInstance (0ms)
			ReleaseScriptingObjects (0ms)
			CreateAndSetChildDomain (66ms)
		EndReloadAssembly (1569ms)
			LoadAssemblies (200ms)
			RebuildTransferFunctionScriptingTraits (0ms)
			SetupTypeCache (561ms)
			ReleaseScriptCaches (1ms)
			RebuildScriptCaches (80ms)
			SetupLoadedEditorAssemblies (564ms)
				LogAssemblyErrors (0ms)
				InitializePlatformSupportModulesInManaged (13ms)
				SetLoadedEditorAssemblies (1ms)
				RefreshPlugins (1ms)
				BeforeProcessingInitializeOnLoad (98ms)
				ProcessInitializeOnLoadAttributes (419ms)
				ProcessInitializeOnLoadMethodAttributes (17ms)
				AfterProcessingInitializeOnLoad (15ms)
				EditorAssembliesLoaded (1ms)
			ExecutionOrderSort2 (0ms)
			AwakeInstancesAfterBackupRestoration (13ms)
Platform modules already initialized, skipping
Refreshing native plugins compatible for Editor in 0.73 ms, found 2 plugins.
Preloading 0 native plugins for Editor in 0.00 ms.
Unloading 1490 Unused Serialized files (Serialized files now loaded: 0)
System memory in use before: 85.1 MB.
System memory in use after: 85.2 MB.

Unloading 14 unused Assets to reduce memory usage. Loaded Objects now: 2016.
Total: 5.986600 ms (FindLiveObjects: 0.297600 ms CreateObjectMapping: 0.055000 ms MarkObjects: 5.606300 ms  DeleteObjects: 0.026100 ms)

AssetImportParameters requested are different than current active one (requested -> active):
  custom:framework-win-MediaFoundation: 216162199b28c13a410421893ffa2e32 -> 
  custom:video-decoder-ogg-theora: a1e56fd34408186e4bbccfd4996cb3dc -> 
  custom:container-muxer-webm: aa71ff27fc2769a1b78a27578f13a17b -> 
  custom:container-demuxer-webm: 4f35f7cbe854078d1ac9338744f61a02 -> 
  custom:container-demuxer-ogg: 62fdf1f143b41e24485cea50d1cbac27 -> 
  custom:video-encoder-webm-vp8: eb34c28f22e8b96e1ab97ce403110664 -> 
  custom:video-decoder-webm-vp8: 9c59270c3fd7afecdb556c50c9e8de78 -> 
  custom:audio-decoder-ogg-vorbis: bf7c407c2cedff20999df2af8eb42d56 -> 
  custom:audio-encoder-webm-vorbis: bf7c407c2cedff20999df2af8eb42d56 -> 
========================================================================
Received Import Request.
  Time since last request: 131.284270 seconds.
  path: Assets/myModel/sporty_granny@Flair.fbx
  artifactKey: Guid(aece320f6dfb3f84b9b26cafbd494d32) Importer(815301076,1909f56bfc062723c751e8b465ee728b)
Start importing Assets/myModel/sporty_granny@Flair.fbx using Guid(aece320f6dfb3f84b9b26cafbd494d32) Importer(815301076,1909f56bfc062723c751e8b465ee728b)  -> (artifact id: '9f54ad4ab3ba570772d7f976b5eeb7b5') in 0.259517 seconds 
  Import took 0.305169 seconds .

========================================================================
Received Prepare
Registering precompiled user dll's ...
Registered in 0.069988 seconds.
Begin MonoManager ReloadAssembly
Native extension for WindowsStandalone target not found
Native extension for WebGL target not found
Refreshing native plugins compatible for Editor in 0.48 ms, found 2 plugins.
Preloading 0 native plugins for Editor in 0.00 ms.
Mono: successfully reloaded assembly
- Completed reload, in  2.211 seconds
Domain Reload Profiling:
	ReloadAssembly (2241ms)
		BeginReloadAssembly (746ms)
			ExecutionOrderSort (0ms)
			DisableScriptedObjects (112ms)
			BackupInstance (0ms)
			ReleaseScriptingObjects (2ms)
			CreateAndSetChildDomain (371ms)
		EndReloadAssembly (1344ms)
			LoadAssemblies (210ms)
			RebuildTransferFunctionScriptingTraits (0ms)
			SetupTypeCache (458ms)
			ReleaseScriptCaches (2ms)
			RebuildScriptCaches (54ms)
			SetupLoadedEditorAssemblies (486ms)
				LogAssemblyErrors (0ms)
				InitializePlatformSupportModulesInManaged (18ms)
				SetLoadedEditorAssemblies (2ms)
				RefreshPlugins (1ms)
				BeforeProcessingInitializeOnLoad (88ms)
				ProcessInitializeOnLoadAttributes (353ms)
				ProcessInitializeOnLoadMethodAttributes (12ms)
				AfterProcessingInitializeOnLoad (11ms)
				EditorAssembliesLoaded (0ms)
			ExecutionOrderSort2 (0ms)
			AwakeInstancesAfterBackupRestoration (14ms)
Platform modules already initialized, skipping
Refreshing native plugins compatible for Editor in 0.47 ms, found 2 plugins.
Preloading 0 native plugins for Editor in 0.00 ms.
Unloading 1490 Unused Serialized files (Serialized files now loaded: 0)
System memory in use before: 85.3 MB.
System memory in use after: 85.4 MB.

Unloading 14 unused Assets to reduce memory usage. Loaded Objects now: 2019.
Total: 6.369600 ms (FindLiveObjects: 0.341000 ms CreateObjectMapping: 0.053600 ms MarkObjects: 5.577200 ms  DeleteObjects: 0.395200 ms)

AssetImportParameters requested are different than current active one (requested -> active):
  custom:framework-win-MediaFoundation: 216162199b28c13a410421893ffa2e32 -> 
  custom:video-decoder-ogg-theora: a1e56fd34408186e4bbccfd4996cb3dc -> 
  custom:container-muxer-webm: aa71ff27fc2769a1b78a27578f13a17b -> 
  custom:container-demuxer-webm: 4f35f7cbe854078d1ac9338744f61a02 -> 
  custom:container-demuxer-ogg: 62fdf1f143b41e24485cea50d1cbac27 -> 
  custom:video-encoder-webm-vp8: eb34c28f22e8b96e1ab97ce403110664 -> 
  custom:video-decoder-webm-vp8: 9c59270c3fd7afecdb556c50c9e8de78 -> 
  custom:audio-decoder-ogg-vorbis: bf7c407c2cedff20999df2af8eb42d56 -> 
  custom:audio-encoder-webm-vorbis: bf7c407c2cedff20999df2af8eb42d56 -> 
AssetImportWorkerClient::OnTransportError - code=2 error=End of file
